running egg_info
creating ../build/lab1_pkg3/lab1_pkg3.egg-info
writing ../build/lab1_pkg3/lab1_pkg3.egg-info/PKG-INFO
writing dependency_links to ../build/lab1_pkg3/lab1_pkg3.egg-info/dependency_links.txt
writing entry points to ../build/lab1_pkg3/lab1_pkg3.egg-info/entry_points.txt
writing requirements to ../build/lab1_pkg3/lab1_pkg3.egg-info/requires.txt
writing top-level names to ../build/lab1_pkg3/lab1_pkg3.egg-info/top_level.txt
writing manifest file '../build/lab1_pkg3/lab1_pkg3.egg-info/SOURCES.txt'
reading manifest file '../build/lab1_pkg3/lab1_pkg3.egg-info/SOURCES.txt'
writing manifest file '../build/lab1_pkg3/lab1_pkg3.egg-info/SOURCES.txt'
running build
running build_py
creating /lab1_ws/src/build/lab1_pkg3/build
creating /lab1_ws/src/build/lab1_pkg3/build/lib
creating /lab1_ws/src/build/lab1_pkg3/build/lib/lab1_pkg3
copying lab1_pkg3/relay.py -> /lab1_ws/src/build/lab1_pkg3/build/lib/lab1_pkg3
copying lab1_pkg3/talker.py -> /lab1_ws/src/build/lab1_pkg3/build/lib/lab1_pkg3
copying lab1_pkg3/__init__.py -> /lab1_ws/src/build/lab1_pkg3/build/lib/lab1_pkg3
running install
running install_lib
creating /lab1_ws/src/install/lab1_pkg3/lib/python3.8/site-packages/lab1_pkg3
copying /lab1_ws/src/build/lab1_pkg3/build/lib/lab1_pkg3/relay.py -> /lab1_ws/src/install/lab1_pkg3/lib/python3.8/site-packages/lab1_pkg3
copying /lab1_ws/src/build/lab1_pkg3/build/lib/lab1_pkg3/talker.py -> /lab1_ws/src/install/lab1_pkg3/lib/python3.8/site-packages/lab1_pkg3
copying /lab1_ws/src/build/lab1_pkg3/build/lib/lab1_pkg3/__init__.py -> /lab1_ws/src/install/lab1_pkg3/lib/python3.8/site-packages/lab1_pkg3
byte-compiling /lab1_ws/src/install/lab1_pkg3/lib/python3.8/site-packages/lab1_pkg3/relay.py to relay.cpython-38.pyc
byte-compiling /lab1_ws/src/install/lab1_pkg3/lib/python3.8/site-packages/lab1_pkg3/talker.py to talker.cpython-38.pyc
byte-compiling /lab1_ws/src/install/lab1_pkg3/lib/python3.8/site-packages/lab1_pkg3/__init__.py to __init__.cpython-38.pyc
running install_data
creating /lab1_ws/src/install/lab1_pkg3/share/ament_index
creating /lab1_ws/src/install/lab1_pkg3/share/ament_index/resource_index
creating /lab1_ws/src/install/lab1_pkg3/share/ament_index/resource_index/packages
copying resource/lab1_pkg3 -> /lab1_ws/src/install/lab1_pkg3/share/ament_index/resource_index/packages
copying package.xml -> /lab1_ws/src/install/lab1_pkg3/share/lab1_pkg3
running install_egg_info
Copying ../build/lab1_pkg3/lab1_pkg3.egg-info to /lab1_ws/src/install/lab1_pkg3/lib/python3.8/site-packages/lab1_pkg3-0.0.0-py3.8.egg-info
running install_scripts
Installing talker = lab1_pkg3.talker:mainrelay script to /lab1_ws/src/install/lab1_pkg3/lib/lab1_pkg3
writing list of installed files to '/lab1_ws/src/build/lab1_pkg3/install.log'
