[1.958s] Invoking command in '/lab1_ws/src/lab1_pkg3': PYTHONPATH=/lab1_ws/src/build/lab1_pkg3/prefix_override:/lab1_ws/src/install/lab1_pkg3/lib/python3.8/site-packages:${PYTHONPATH} /usr/bin/python3 setup.py egg_info --egg-base ../build/lab1_pkg3 build --build-base /lab1_ws/src/build/lab1_pkg3/build install --record /lab1_ws/src/build/lab1_pkg3/install.log --install-scripts $base/lib/lab1_pkg3 --single-version-externally-managed
[2.779s] running egg_info
[2.786s] writing ../build/lab1_pkg3/lab1_pkg3.egg-info/PKG-INFO
[2.796s] writing dependency_links to ../build/lab1_pkg3/lab1_pkg3.egg-info/dependency_links.txt
[2.804s] writing entry points to ../build/lab1_pkg3/lab1_pkg3.egg-info/entry_points.txt
[2.811s] writing requirements to ../build/lab1_pkg3/lab1_pkg3.egg-info/requires.txt
[2.815s] writing top-level names to ../build/lab1_pkg3/lab1_pkg3.egg-info/top_level.txt
[2.940s] reading manifest file '../build/lab1_pkg3/lab1_pkg3.egg-info/SOURCES.txt'
[3.046s] writing manifest file '../build/lab1_pkg3/lab1_pkg3.egg-info/SOURCES.txt'
[3.053s] running build
[3.054s] running build_py
[3.110s] copying lab1_pkg3/talker.py -> /lab1_ws/src/build/lab1_pkg3/build/lib/lab1_pkg3
[3.169s] running install
[3.178s] running install_lib
[3.281s] copying /lab1_ws/src/build/lab1_pkg3/build/lib/lab1_pkg3/talker.py -> /lab1_ws/src/install/lab1_pkg3/lib/python3.8/site-packages/lab1_pkg3
[3.397s] byte-compiling /lab1_ws/src/install/lab1_pkg3/lib/python3.8/site-packages/lab1_pkg3/talker.py to talker.cpython-38.pyc
[3.474s] running install_data
[3.511s] running install_egg_info
[3.527s] removing '/lab1_ws/src/install/lab1_pkg3/lib/python3.8/site-packages/lab1_pkg3-0.0.0-py3.8.egg-info' (and everything under it)
[3.610s] Copying ../build/lab1_pkg3/lab1_pkg3.egg-info to /lab1_ws/src/install/lab1_pkg3/lib/python3.8/site-packages/lab1_pkg3-0.0.0-py3.8.egg-info
[3.873s] running install_scripts
[3.929s] Installing relay script to /lab1_ws/src/install/lab1_pkg3/lib/lab1_pkg3
[3.942s] Installing talker script to /lab1_ws/src/install/lab1_pkg3/lib/lab1_pkg3
[3.956s] writing list of installed files to '/lab1_ws/src/build/lab1_pkg3/install.log'
[3.987s] Invoked command in '/lab1_ws/src/lab1_pkg3' returned '0': PYTHONPATH=/lab1_ws/src/build/lab1_pkg3/prefix_override:/lab1_ws/src/install/lab1_pkg3/lib/python3.8/site-packages:${PYTHONPATH} /usr/bin/python3 setup.py egg_info --egg-base ../build/lab1_pkg3 build --build-base /lab1_ws/src/build/lab1_pkg3/build install --record /lab1_ws/src/build/lab1_pkg3/install.log --install-scripts $base/lib/lab1_pkg3 --single-version-externally-managed
