running egg_info
writing ../build/lab1_pkg3/lab1_pkg3.egg-info/PKG-INFO
writing dependency_links to ../build/lab1_pkg3/lab1_pkg3.egg-info/dependency_links.txt
writing entry points to ../build/lab1_pkg3/lab1_pkg3.egg-info/entry_points.txt
writing requirements to ../build/lab1_pkg3/lab1_pkg3.egg-info/requires.txt
writing top-level names to ../build/lab1_pkg3/lab1_pkg3.egg-info/top_level.txt
reading manifest file '../build/lab1_pkg3/lab1_pkg3.egg-info/SOURCES.txt'
writing manifest file '../build/lab1_pkg3/lab1_pkg3.egg-info/SOURCES.txt'
running build
running build_py
copying lab1_pkg3/talker.py -> /lab1_ws/src/build/lab1_pkg3/build/lib/lab1_pkg3
running install
running install_lib
copying /lab1_ws/src/build/lab1_pkg3/build/lib/lab1_pkg3/talker.py -> /lab1_ws/src/install/lab1_pkg3/lib/python3.8/site-packages/lab1_pkg3
byte-compiling /lab1_ws/src/install/lab1_pkg3/lib/python3.8/site-packages/lab1_pkg3/talker.py to talker.cpython-38.pyc
running install_data
running install_egg_info
removing '/lab1_ws/src/install/lab1_pkg3/lib/python3.8/site-packages/lab1_pkg3-0.0.0-py3.8.egg-info' (and everything under it)
Copying ../build/lab1_pkg3/lab1_pkg3.egg-info to /lab1_ws/src/install/lab1_pkg3/lib/python3.8/site-packages/lab1_pkg3-0.0.0-py3.8.egg-info
running install_scripts
Installing relay script to /lab1_ws/src/install/lab1_pkg3/lib/lab1_pkg3
Installing talker script to /lab1_ws/src/install/lab1_pkg3/lib/lab1_pkg3
writing list of installed files to '/lab1_ws/src/build/lab1_pkg3/install.log'
