[1.977s] Invoking command in '/lab1_ws/src/lab1_pkg3': PYTHONPATH=/lab1_ws/src/build/lab1_pkg3/prefix_override:/lab1_ws/src/install/lab1_pkg3/lib/python3.8/site-packages:${PYTHONPATH} /usr/bin/python3 setup.py egg_info --egg-base ../build/lab1_pkg3 build --build-base /lab1_ws/src/build/lab1_pkg3/build install --record /lab1_ws/src/build/lab1_pkg3/install.log --install-scripts $base/lib/lab1_pkg3 --single-version-externally-managed
[2.781s] running egg_info
[2.789s] writing ../build/lab1_pkg3/lab1_pkg3.egg-info/PKG-INFO
[2.800s] writing dependency_links to ../build/lab1_pkg3/lab1_pkg3.egg-info/dependency_links.txt
[2.810s] writing entry points to ../build/lab1_pkg3/lab1_pkg3.egg-info/entry_points.txt
[2.818s] writing requirements to ../build/lab1_pkg3/lab1_pkg3.egg-info/requires.txt
[2.824s] writing top-level names to ../build/lab1_pkg3/lab1_pkg3.egg-info/top_level.txt
[2.944s] reading manifest file '../build/lab1_pkg3/lab1_pkg3.egg-info/SOURCES.txt'
[3.034s] writing manifest file '../build/lab1_pkg3/lab1_pkg3.egg-info/SOURCES.txt'
[3.038s] running build
[3.039s] running build_py
[3.087s] copying lab1_pkg3/talker.py -> /lab1_ws/src/build/lab1_pkg3/build/lib/lab1_pkg3
[3.147s] running install
[3.155s] running install_lib
[3.256s] copying /lab1_ws/src/build/lab1_pkg3/build/lib/lab1_pkg3/talker.py -> /lab1_ws/src/install/lab1_pkg3/lib/python3.8/site-packages/lab1_pkg3
[3.371s] byte-compiling /lab1_ws/src/install/lab1_pkg3/lib/python3.8/site-packages/lab1_pkg3/talker.py to talker.cpython-38.pyc
[3.457s] running install_data
[3.498s] running install_egg_info
[3.517s] removing '/lab1_ws/src/install/lab1_pkg3/lib/python3.8/site-packages/lab1_pkg3-0.0.0-py3.8.egg-info' (and everything under it)
[3.606s] Copying ../build/lab1_pkg3/lab1_pkg3.egg-info to /lab1_ws/src/install/lab1_pkg3/lib/python3.8/site-packages/lab1_pkg3-0.0.0-py3.8.egg-info
[3.914s] running install_scripts
[3.970s] Installing relay script to /lab1_ws/src/install/lab1_pkg3/lib/lab1_pkg3
[3.983s] Installing talker script to /lab1_ws/src/install/lab1_pkg3/lib/lab1_pkg3
[3.998s] writing list of installed files to '/lab1_ws/src/build/lab1_pkg3/install.log'
[4.027s] Invoked command in '/lab1_ws/src/lab1_pkg3' returned '0': PYTHONPATH=/lab1_ws/src/build/lab1_pkg3/prefix_override:/lab1_ws/src/install/lab1_pkg3/lib/python3.8/site-packages:${PYTHONPATH} /usr/bin/python3 setup.py egg_info --egg-base ../build/lab1_pkg3 build --build-base /lab1_ws/src/build/lab1_pkg3/build install --record /lab1_ws/src/build/lab1_pkg3/install.log --install-scripts $base/lib/lab1_pkg3 --single-version-externally-managed
