[2.062s] Invoking command in '/lab1_ws/src/lab1_pkg3': PYTHONPATH=/lab1_ws/src/build/lab1_pkg3/prefix_override:/lab1_ws/src/install/lab1_pkg3/lib/python3.8/site-packages:${PYTHONPATH} /usr/bin/python3 setup.py egg_info --egg-base ../build/lab1_pkg3 build --build-base /lab1_ws/src/build/lab1_pkg3/build install --record /lab1_ws/src/build/lab1_pkg3/install.log --install-scripts $base/lib/lab1_pkg3 --single-version-externally-managed
[2.808s] running egg_info
[2.816s] writing ../build/lab1_pkg3/lab1_pkg3.egg-info/PKG-INFO
[2.826s] writing dependency_links to ../build/lab1_pkg3/lab1_pkg3.egg-info/dependency_links.txt
[2.836s] writing entry points to ../build/lab1_pkg3/lab1_pkg3.egg-info/entry_points.txt
[2.844s] writing requirements to ../build/lab1_pkg3/lab1_pkg3.egg-info/requires.txt
[2.849s] writing top-level names to ../build/lab1_pkg3/lab1_pkg3.egg-info/top_level.txt
[2.988s] reading manifest file '../build/lab1_pkg3/lab1_pkg3.egg-info/SOURCES.txt'
[3.091s] writing manifest file '../build/lab1_pkg3/lab1_pkg3.egg-info/SOURCES.txt'
[3.096s] running build
[3.097s] running build_py
[3.119s] copying lab1_pkg3/relay.py -> /lab1_ws/src/build/lab1_pkg3/build/lib/lab1_pkg3
[3.166s] copying lab1_pkg3/talker.py -> /lab1_ws/src/build/lab1_pkg3/build/lib/lab1_pkg3
[3.212s] running install
[3.219s] running install_lib
[3.274s] copying /lab1_ws/src/build/lab1_pkg3/build/lib/lab1_pkg3/relay.py -> /lab1_ws/src/install/lab1_pkg3/lib/python3.8/site-packages/lab1_pkg3
[3.342s] copying /lab1_ws/src/build/lab1_pkg3/build/lib/lab1_pkg3/talker.py -> /lab1_ws/src/install/lab1_pkg3/lib/python3.8/site-packages/lab1_pkg3
[3.440s] byte-compiling /lab1_ws/src/install/lab1_pkg3/lib/python3.8/site-packages/lab1_pkg3/relay.py to relay.cpython-38.pyc
[3.514s] byte-compiling /lab1_ws/src/install/lab1_pkg3/lib/python3.8/site-packages/lab1_pkg3/talker.py to talker.cpython-38.pyc
[3.589s] running install_data
[3.631s] copying package.xml -> /lab1_ws/src/install/lab1_pkg3/share/lab1_pkg3
[3.662s] running install_egg_info
[3.685s] removing '/lab1_ws/src/install/lab1_pkg3/lib/python3.8/site-packages/lab1_pkg3-0.0.0-py3.8.egg-info' (and everything under it)
[3.797s] Copying ../build/lab1_pkg3/lab1_pkg3.egg-info to /lab1_ws/src/install/lab1_pkg3/lib/python3.8/site-packages/lab1_pkg3-0.0.0-py3.8.egg-info
[4.084s] running install_scripts
[4.143s] Installing relay script to /lab1_ws/src/install/lab1_pkg3/lib/lab1_pkg3
[4.155s] Installing talker script to /lab1_ws/src/install/lab1_pkg3/lib/lab1_pkg3
[4.171s] writing list of installed files to '/lab1_ws/src/build/lab1_pkg3/install.log'
[4.203s] Invoked command in '/lab1_ws/src/lab1_pkg3' returned '0': PYTHONPATH=/lab1_ws/src/build/lab1_pkg3/prefix_override:/lab1_ws/src/install/lab1_pkg3/lib/python3.8/site-packages:${PYTHONPATH} /usr/bin/python3 setup.py egg_info --egg-base ../build/lab1_pkg3 build --build-base /lab1_ws/src/build/lab1_pkg3/build install --record /lab1_ws/src/build/lab1_pkg3/install.log --install-scripts $base/lib/lab1_pkg3 --single-version-externally-managed
