[0.496s] DEBUG:colcon:Command line arguments: ['/usr/bin/colcon', 'build', '--packages-select', 'lab1_pkg3']
[0.497s] DEBUG:colcon:Parsed command line arguments: Namespace(ament_cmake_args=None, base_paths=['.'], build_base='build', catkin_cmake_args=None, catkin_skip_building_tests=False, cmake_args=None, cmake_clean_cache=False, cmake_clean_first=False, cmake_force_configure=False, cmake_target=None, cmake_target_skip_unavailable=False, continue_on_error=False, event_handlers=None, executor='parallel', ignore_user_meta=False, install_base='install', log_base=None, log_level=None, main=<bound method BuildVerb.main of <colcon_core.verb.build.BuildVerb object at 0x7f302cd576a0>>, merge_install=False, metas=['./colcon.meta'], mixin=None, mixin_files=None, mixin_verb=('build',), packages_above=None, packages_above_and_dependencies=None, packages_above_depth=None, packages_end=None, packages_ignore=None, packages_ignore_regex=None, packages_select=['lab1_pkg3'], packages_select_build_failed=False, packages_select_by_dep=None, packages_select_regex=None, packages_select_test_failures=False, packages_skip=None, packages_skip_build_finished=False, packages_skip_by_dep=None, packages_skip_regex=None, packages_skip_test_passed=False, packages_skip_up_to=None, packages_start=None, packages_up_to=None, packages_up_to_regex=None, parallel_workers=12, paths=None, symlink_install=False, test_result_base=None, verb_extension=<colcon_core.verb.build.BuildVerb object at 0x7f302cd576a0>, verb_name='build', verb_parser=<colcon_mixin.mixin.mixin_argument.MixinArgumentDecorator object at 0x7f302cd57d00>)
[0.559s] Level 1:colcon.colcon_core.package_discovery:discover_packages(colcon_meta) check parameters
[0.561s] INFO:colcon.colcon_metadata.package_discovery.colcon_meta:Using configuration from '/root/.colcon/metadata/default/Gazebo.meta'
[0.562s] INFO:colcon.colcon_metadata.package_discovery.colcon_meta:Using configuration from '/root/.colcon/metadata/default/fastrtps.meta'
[0.562s] Level 1:colcon.colcon_core.package_discovery:discover_packages(recursive) check parameters
[0.563s] Level 1:colcon.colcon_core.package_discovery:discover_packages(ignore) check parameters
[0.563s] Level 1:colcon.colcon_core.package_discovery:discover_packages(path) check parameters
[0.563s] Level 1:colcon.colcon_core.package_discovery:discover_packages(colcon_meta) discover
[0.563s] Level 1:colcon.colcon_core.package_discovery:discover_packages(recursive) discover
[0.563s] INFO:colcon.colcon_core.package_discovery:Crawling recursively for packages in '/lab1_ws/src'
[0.564s] Level 1:colcon.colcon_core.package_identification:_identify(.) by extensions ['ignore', 'ignore_ament_install']
[0.564s] Level 1:colcon.colcon_core.package_identification:_identify(.) by extension 'ignore'
[0.565s] Level 1:colcon.colcon_core.package_identification:_identify(.) by extension 'ignore_ament_install'
[0.565s] Level 1:colcon.colcon_core.package_identification:_identify(.) by extensions ['colcon_pkg']
[0.565s] Level 1:colcon.colcon_core.package_identification:_identify(.) by extension 'colcon_pkg'
[0.565s] Level 1:colcon.colcon_core.package_identification:_identify(.) by extensions ['colcon_meta']
[0.566s] Level 1:colcon.colcon_core.package_identification:_identify(.) by extension 'colcon_meta'
[0.566s] Level 1:colcon.colcon_core.package_identification:_identify(.) by extensions ['ros']
[0.566s] Level 1:colcon.colcon_core.package_identification:_identify(.) by extension 'ros'
[0.580s] Level 1:colcon.colcon_core.package_identification:_identify(.) by extensions ['cmake', 'python']
[0.580s] Level 1:colcon.colcon_core.package_identification:_identify(.) by extension 'cmake'
[0.581s] Level 1:colcon.colcon_core.package_identification:_identify(.) by extension 'python'
[0.581s] Level 1:colcon.colcon_core.package_identification:_identify(.) by extensions ['python_setup_py']
[0.581s] Level 1:colcon.colcon_core.package_identification:_identify(.) by extension 'python_setup_py'
[0.583s] Level 1:colcon.colcon_core.package_identification:_identify(build) by extensions ['ignore', 'ignore_ament_install']
[0.583s] Level 1:colcon.colcon_core.package_identification:_identify(build) by extension 'ignore'
[0.584s] Level 1:colcon.colcon_core.package_identification:_identify(build) ignored
[0.587s] Level 1:colcon.colcon_core.package_identification:_identify(install) by extensions ['ignore', 'ignore_ament_install']
[0.587s] Level 1:colcon.colcon_core.package_identification:_identify(install) by extension 'ignore'
[0.588s] Level 1:colcon.colcon_core.package_identification:_identify(install) ignored
[0.590s] Level 1:colcon.colcon_core.package_identification:_identify(lab1_pkg) by extensions ['ignore', 'ignore_ament_install']
[0.590s] Level 1:colcon.colcon_core.package_identification:_identify(lab1_pkg) by extension 'ignore'
[0.590s] Level 1:colcon.colcon_core.package_identification:_identify(lab1_pkg) by extension 'ignore_ament_install'
[0.591s] Level 1:colcon.colcon_core.package_identification:_identify(lab1_pkg) by extensions ['colcon_pkg']
[0.592s] Level 1:colcon.colcon_core.package_identification:_identify(lab1_pkg) by extension 'colcon_pkg'
[0.592s] Level 1:colcon.colcon_core.package_identification:_identify(lab1_pkg) by extensions ['colcon_meta']
[0.592s] Level 1:colcon.colcon_core.package_identification:_identify(lab1_pkg) by extension 'colcon_meta'
[0.593s] Level 1:colcon.colcon_core.package_identification:_identify(lab1_pkg) by extensions ['ros']
[0.593s] Level 1:colcon.colcon_core.package_identification:_identify(lab1_pkg) by extension 'ros'
[0.595s] Level 1:colcon.colcon_core.package_identification:_identify(lab1_pkg) by extensions ['cmake', 'python']
[0.596s] Level 1:colcon.colcon_core.package_identification:_identify(lab1_pkg) by extension 'cmake'
[0.596s] Level 1:colcon.colcon_core.package_identification:_identify(lab1_pkg) by extension 'python'
[0.597s] Level 1:colcon.colcon_core.package_identification:_identify(lab1_pkg) by extensions ['python_setup_py']
[0.597s] Level 1:colcon.colcon_core.package_identification:_identify(lab1_pkg) by extension 'python_setup_py'
[0.600s] Level 1:colcon.colcon_core.package_identification:_identify(lab1_pkg/log) by extensions ['ignore', 'ignore_ament_install']
[0.600s] Level 1:colcon.colcon_core.package_identification:_identify(lab1_pkg/log) by extension 'ignore'
[0.602s] Level 1:colcon.colcon_core.package_identification:_identify(lab1_pkg/log) by extension 'ignore_ament_install'
[0.603s] Level 1:colcon.colcon_core.package_identification:_identify(lab1_pkg/log) by extensions ['colcon_pkg']
[0.603s] Level 1:colcon.colcon_core.package_identification:_identify(lab1_pkg/log) by extension 'colcon_pkg'
[0.604s] Level 1:colcon.colcon_core.package_identification:_identify(lab1_pkg/log) by extensions ['colcon_meta']
[0.604s] Level 1:colcon.colcon_core.package_identification:_identify(lab1_pkg/log) by extension 'colcon_meta'
[0.606s] Level 1:colcon.colcon_core.package_identification:_identify(lab1_pkg/log) by extensions ['ros']
[0.606s] Level 1:colcon.colcon_core.package_identification:_identify(lab1_pkg/log) by extension 'ros'
[0.610s] Level 1:colcon.colcon_core.package_identification:_identify(lab1_pkg/log) by extensions ['cmake', 'python']
[0.610s] Level 1:colcon.colcon_core.package_identification:_identify(lab1_pkg/log) by extension 'cmake'
[0.611s] Level 1:colcon.colcon_core.package_identification:_identify(lab1_pkg/log) by extension 'python'
[0.612s] Level 1:colcon.colcon_core.package_identification:_identify(lab1_pkg/log) by extensions ['python_setup_py']
[0.612s] Level 1:colcon.colcon_core.package_identification:_identify(lab1_pkg/log) by extension 'python_setup_py'
[0.615s] Level 1:colcon.colcon_core.package_identification:_identify(lab1_pkg2) by extensions ['ignore', 'ignore_ament_install']
[0.615s] Level 1:colcon.colcon_core.package_identification:_identify(lab1_pkg2) by extension 'ignore'
[0.615s] Level 1:colcon.colcon_core.package_identification:_identify(lab1_pkg2) by extension 'ignore_ament_install'
[0.617s] Level 1:colcon.colcon_core.package_identification:_identify(lab1_pkg2) by extensions ['colcon_pkg']
[0.617s] Level 1:colcon.colcon_core.package_identification:_identify(lab1_pkg2) by extension 'colcon_pkg'
[0.618s] Level 1:colcon.colcon_core.package_identification:_identify(lab1_pkg2) by extensions ['colcon_meta']
[0.618s] Level 1:colcon.colcon_core.package_identification:_identify(lab1_pkg2) by extension 'colcon_meta'
[0.619s] Level 1:colcon.colcon_core.package_identification:_identify(lab1_pkg2) by extensions ['ros']
[0.619s] Level 1:colcon.colcon_core.package_identification:_identify(lab1_pkg2) by extension 'ros'
[0.640s] DEBUG:colcon.colcon_core.package_identification:Package 'lab1_pkg2' with type 'ros.ament_python' and name 'lab1_pkg2'
[0.642s] Level 1:colcon.colcon_core.package_identification:_identify(lab1_pkg3) by extensions ['ignore', 'ignore_ament_install']
[0.642s] Level 1:colcon.colcon_core.package_identification:_identify(lab1_pkg3) by extension 'ignore'
[0.643s] Level 1:colcon.colcon_core.package_identification:_identify(lab1_pkg3) by extension 'ignore_ament_install'
[0.644s] Level 1:colcon.colcon_core.package_identification:_identify(lab1_pkg3) by extensions ['colcon_pkg']
[0.644s] Level 1:colcon.colcon_core.package_identification:_identify(lab1_pkg3) by extension 'colcon_pkg'
[0.645s] Level 1:colcon.colcon_core.package_identification:_identify(lab1_pkg3) by extensions ['colcon_meta']
[0.645s] Level 1:colcon.colcon_core.package_identification:_identify(lab1_pkg3) by extension 'colcon_meta'
[0.646s] Level 1:colcon.colcon_core.package_identification:_identify(lab1_pkg3) by extensions ['ros']
[0.646s] Level 1:colcon.colcon_core.package_identification:_identify(lab1_pkg3) by extension 'ros'
[0.653s] DEBUG:colcon.colcon_core.package_identification:Package 'lab1_pkg3' with type 'ros.ament_python' and name 'lab1_pkg3'
[0.656s] Level 1:colcon.colcon_core.package_identification:_identify(log) by extensions ['ignore', 'ignore_ament_install']
[0.656s] Level 1:colcon.colcon_core.package_identification:_identify(log) by extension 'ignore'
[0.657s] Level 1:colcon.colcon_core.package_identification:_identify(log) ignored
[0.657s] Level 1:colcon.colcon_core.package_discovery:discover_packages(recursive) using defaults
[0.657s] Level 1:colcon.colcon_core.package_discovery:discover_packages(ignore) discover
[0.657s] Level 1:colcon.colcon_core.package_discovery:discover_packages(ignore) using defaults
[0.657s] Level 1:colcon.colcon_core.package_discovery:discover_packages(path) discover
[0.658s] Level 1:colcon.colcon_core.package_discovery:discover_packages(path) using defaults
[0.709s] INFO:colcon.colcon_core.package_selection:Skipping not selected package 'lab1_pkg2' in 'lab1_pkg2'
[0.710s] Level 5:colcon.colcon_core.verb:set package 'lab1_pkg3' build argument 'cmake_args' from command line to 'None'
[0.710s] Level 5:colcon.colcon_core.verb:set package 'lab1_pkg3' build argument 'cmake_target' from command line to 'None'
[0.711s] Level 5:colcon.colcon_core.verb:set package 'lab1_pkg3' build argument 'cmake_target_skip_unavailable' from command line to 'False'
[0.711s] Level 5:colcon.colcon_core.verb:set package 'lab1_pkg3' build argument 'cmake_clean_cache' from command line to 'False'
[0.711s] Level 5:colcon.colcon_core.verb:set package 'lab1_pkg3' build argument 'cmake_clean_first' from command line to 'False'
[0.711s] Level 5:colcon.colcon_core.verb:set package 'lab1_pkg3' build argument 'cmake_force_configure' from command line to 'False'
[0.711s] Level 5:colcon.colcon_core.verb:set package 'lab1_pkg3' build argument 'ament_cmake_args' from command line to 'None'
[0.711s] Level 5:colcon.colcon_core.verb:set package 'lab1_pkg3' build argument 'catkin_cmake_args' from command line to 'None'
[0.712s] Level 5:colcon.colcon_core.verb:set package 'lab1_pkg3' build argument 'catkin_skip_building_tests' from command line to 'False'
[0.712s] DEBUG:colcon.colcon_core.verb:Building package 'lab1_pkg3' with the following arguments: {'ament_cmake_args': None, 'build_base': '/lab1_ws/src/build/lab1_pkg3', 'catkin_cmake_args': None, 'catkin_skip_building_tests': False, 'cmake_args': None, 'cmake_clean_cache': False, 'cmake_clean_first': False, 'cmake_force_configure': False, 'cmake_target': None, 'cmake_target_skip_unavailable': False, 'install_base': '/lab1_ws/src/install/lab1_pkg3', 'merge_install': False, 'path': '/lab1_ws/src/lab1_pkg3', 'symlink_install': False, 'test_result_base': None}
[0.713s] INFO:colcon.colcon_core.executor:Executing jobs using 'parallel' executor
[0.717s] DEBUG:colcon.colcon_parallel_executor.executor.parallel:run_until_complete
[0.717s] INFO:colcon.colcon_ros.task.ament_python.build:Building ROS package in '/lab1_ws/src/lab1_pkg3' with build type 'ament_python'
[0.717s] Level 1:colcon.colcon_core.shell:create_environment_hook('lab1_pkg3', 'ament_prefix_path')
[0.729s] INFO:colcon.colcon_core.plugin_system:Skipping extension 'colcon_core.shell.bat': Not used on non-Windows systems
[0.729s] INFO:colcon.colcon_core.shell:Creating environment hook '/lab1_ws/src/install/lab1_pkg3/share/lab1_pkg3/hook/ament_prefix_path.ps1'
[0.743s] INFO:colcon.colcon_core.shell:Creating environment descriptor '/lab1_ws/src/install/lab1_pkg3/share/lab1_pkg3/hook/ament_prefix_path.dsv'
[0.757s] INFO:colcon.colcon_core.shell:Creating environment hook '/lab1_ws/src/install/lab1_pkg3/share/lab1_pkg3/hook/ament_prefix_path.sh'
[0.773s] INFO:colcon.colcon_core.shell:Skip shell extension 'powershell' for command environment: Not usable outside of PowerShell
[0.774s] DEBUG:colcon.colcon_core.shell:Skip shell extension 'dsv' for command environment
[1.270s] INFO:colcon.colcon_core.task.python.build:Building Python package in '/lab1_ws/src/lab1_pkg3'
[1.272s] INFO:colcon.colcon_core.shell:Skip shell extension 'powershell' for command environment: Not usable outside of PowerShell
[1.272s] DEBUG:colcon.colcon_core.shell:Skip shell extension 'dsv' for command environment
[2.460s] DEBUG:colcon.colcon_core.event_handler.log_command:Invoking command in '/lab1_ws/src/lab1_pkg3': PYTHONPATH=/lab1_ws/src/build/lab1_pkg3/prefix_override:/lab1_ws/src/install/lab1_pkg3/lib/python3.8/site-packages:${PYTHONPATH} /usr/bin/python3 setup.py egg_info --egg-base ../build/lab1_pkg3 build --build-base /lab1_ws/src/build/lab1_pkg3/build install --record /lab1_ws/src/build/lab1_pkg3/install.log --install-scripts $base/lib/lab1_pkg3 --single-version-externally-managed
[4.602s] DEBUG:colcon.colcon_core.event_handler.log_command:Invoked command in '/lab1_ws/src/lab1_pkg3' returned '0': PYTHONPATH=/lab1_ws/src/build/lab1_pkg3/prefix_override:/lab1_ws/src/install/lab1_pkg3/lib/python3.8/site-packages:${PYTHONPATH} /usr/bin/python3 setup.py egg_info --egg-base ../build/lab1_pkg3 build --build-base /lab1_ws/src/build/lab1_pkg3/build install --record /lab1_ws/src/build/lab1_pkg3/install.log --install-scripts $base/lib/lab1_pkg3 --single-version-externally-managed
[4.619s] Level 1:colcon.colcon_core.environment:checking '/lab1_ws/src/install/lab1_pkg3' for CMake module files
[4.707s] Level 1:colcon.colcon_core.environment:checking '/lab1_ws/src/install/lab1_pkg3' for CMake config files
[4.837s] Level 1:colcon.colcon_core.environment:checking '/lab1_ws/src/install/lab1_pkg3/lib'
[4.842s] Level 1:colcon.colcon_core.environment:checking '/lab1_ws/src/install/lab1_pkg3/bin'
[4.845s] Level 1:colcon.colcon_core.environment:checking '/lab1_ws/src/install/lab1_pkg3/lib/pkgconfig/lab1_pkg3.pc'
[4.848s] Level 1:colcon.colcon_core.environment:checking '/lab1_ws/src/install/lab1_pkg3/lib/python3.8/site-packages'
[4.852s] Level 1:colcon.colcon_core.shell:create_environment_hook('lab1_pkg3', 'pythonpath')
[4.855s] INFO:colcon.colcon_core.shell:Creating environment hook '/lab1_ws/src/install/lab1_pkg3/share/lab1_pkg3/hook/pythonpath.ps1'
[4.876s] INFO:colcon.colcon_core.shell:Creating environment descriptor '/lab1_ws/src/install/lab1_pkg3/share/lab1_pkg3/hook/pythonpath.dsv'
[4.899s] INFO:colcon.colcon_core.shell:Creating environment hook '/lab1_ws/src/install/lab1_pkg3/share/lab1_pkg3/hook/pythonpath.sh'
[4.921s] Level 1:colcon.colcon_core.environment:checking '/lab1_ws/src/install/lab1_pkg3/bin'
[4.923s] Level 1:colcon.colcon_core.environment:create_environment_scripts_only(lab1_pkg3)
[4.925s] INFO:colcon.colcon_core.shell:Creating package script '/lab1_ws/src/install/lab1_pkg3/share/lab1_pkg3/package.ps1'
[4.944s] INFO:colcon.colcon_core.shell:Creating package descriptor '/lab1_ws/src/install/lab1_pkg3/share/lab1_pkg3/package.dsv'
[4.964s] INFO:colcon.colcon_core.shell:Creating package script '/lab1_ws/src/install/lab1_pkg3/share/lab1_pkg3/package.sh'
[4.984s] INFO:colcon.colcon_core.shell:Creating package script '/lab1_ws/src/install/lab1_pkg3/share/lab1_pkg3/package.bash'
[5.003s] INFO:colcon.colcon_core.shell:Creating package script '/lab1_ws/src/install/lab1_pkg3/share/lab1_pkg3/package.zsh'
[5.023s] Level 1:colcon.colcon_core.environment:create_file_with_runtime_dependencies(/lab1_ws/src/install/lab1_pkg3/share/colcon-core/packages/lab1_pkg3)
[5.037s] DEBUG:colcon.colcon_parallel_executor.executor.parallel:closing loop
[5.038s] DEBUG:colcon.colcon_parallel_executor.executor.parallel:loop closed
[5.038s] DEBUG:colcon.colcon_parallel_executor.executor.parallel:run_until_complete finished with '0'
[5.038s] DEBUG:colcon.colcon_core.event_reactor:joining thread
[5.075s] INFO:colcon.colcon_core.plugin_system:Skipping extension 'colcon_notification.desktop_notification.notify_send': Could not find 'notify-send'
[5.075s] INFO:colcon.colcon_core.plugin_system:Skipping extension 'colcon_notification.desktop_notification.terminal_notifier': Not used on non-Darwin systems
[5.075s] INFO:colcon.colcon_core.plugin_system:Skipping extension 'colcon_notification.desktop_notification.win32': Not used on non-Windows systems
[5.076s] INFO:colcon.colcon_notification.desktop_notification:Sending desktop notification using 'notify2'
[5.076s] DEBUG:colcon.colcon_notification.desktop_notification.notify2:Failed to initialize notify2: org.freedesktop.DBus.Error.NotSupported: Unable to autolaunch a dbus-daemon without a $DISPLAY for X11
[5.077s] DEBUG:colcon.colcon_core.event_reactor:joined thread
[5.079s] INFO:colcon.colcon_core.shell:Creating prefix script '/lab1_ws/src/install/local_setup.ps1'
[5.088s] INFO:colcon.colcon_core.shell:Creating prefix util module '/lab1_ws/src/install/_local_setup_util_ps1.py'
[5.097s] INFO:colcon.colcon_core.shell:Creating prefix chain script '/lab1_ws/src/install/setup.ps1'
[5.118s] INFO:colcon.colcon_core.shell:Creating prefix script '/lab1_ws/src/install/local_setup.sh'
[5.127s] INFO:colcon.colcon_core.shell:Creating prefix util module '/lab1_ws/src/install/_local_setup_util_sh.py'
[5.135s] INFO:colcon.colcon_core.shell:Creating prefix chain script '/lab1_ws/src/install/setup.sh'
[5.156s] INFO:colcon.colcon_core.shell:Creating prefix script '/lab1_ws/src/install/local_setup.bash'
[5.165s] INFO:colcon.colcon_core.shell:Creating prefix chain script '/lab1_ws/src/install/setup.bash'
[5.184s] INFO:colcon.colcon_core.shell:Creating prefix script '/lab1_ws/src/install/local_setup.zsh'
[5.191s] INFO:colcon.colcon_core.shell:Creating prefix chain script '/lab1_ws/src/install/setup.zsh'
