[0.666s] DEBUG:colcon:Command line arguments: ['/usr/bin/colcon', 'build', '--packages-select', 'lab1_pkg3']
[0.667s] DEBUG:colcon:Parsed command line arguments: Namespace(ament_cmake_args=None, base_paths=['.'], build_base='build', catkin_cmake_args=None, catkin_skip_building_tests=False, cmake_args=None, cmake_clean_cache=False, cmake_clean_first=False, cmake_force_configure=False, cmake_target=None, cmake_target_skip_unavailable=False, continue_on_error=False, event_handlers=None, executor='parallel', ignore_user_meta=False, install_base='install', log_base=None, log_level=None, main=<bound method BuildVerb.main of <colcon_core.verb.build.BuildVerb object at 0x7f7362506880>>, merge_install=False, metas=['./colcon.meta'], mixin=None, mixin_files=None, mixin_verb=('build',), packages_above=None, packages_above_and_dependencies=None, packages_above_depth=None, packages_end=None, packages_ignore=None, packages_ignore_regex=None, packages_select=['lab1_pkg3'], packages_select_build_failed=False, packages_select_by_dep=None, packages_select_regex=None, packages_select_test_failures=False, packages_skip=None, packages_skip_build_finished=False, packages_skip_by_dep=None, packages_skip_regex=None, packages_skip_test_passed=False, packages_skip_up_to=None, packages_start=None, packages_up_to=None, packages_up_to_regex=None, parallel_workers=12, paths=None, symlink_install=False, test_result_base=None, verb_extension=<colcon_core.verb.build.BuildVerb object at 0x7f7362506880>, verb_name='build', verb_parser=<colcon_mixin.mixin.mixin_argument.MixinArgumentDecorator object at 0x7f7362506e50>)
[0.747s] Level 1:colcon.colcon_core.package_discovery:discover_packages(colcon_meta) check parameters
[0.749s] INFO:colcon.colcon_metadata.package_discovery.colcon_meta:Using configuration from '/root/.colcon/metadata/default/Gazebo.meta'
[0.750s] INFO:colcon.colcon_metadata.package_discovery.colcon_meta:Using configuration from '/root/.colcon/metadata/default/fastrtps.meta'
[0.750s] Level 1:colcon.colcon_core.package_discovery:discover_packages(recursive) check parameters
[0.750s] Level 1:colcon.colcon_core.package_discovery:discover_packages(ignore) check parameters
[0.751s] Level 1:colcon.colcon_core.package_discovery:discover_packages(path) check parameters
[0.751s] Level 1:colcon.colcon_core.package_discovery:discover_packages(colcon_meta) discover
[0.751s] Level 1:colcon.colcon_core.package_discovery:discover_packages(recursive) discover
[0.751s] INFO:colcon.colcon_core.package_discovery:Crawling recursively for packages in '/lab1_ws/src'
[0.752s] Level 1:colcon.colcon_core.package_identification:_identify(.) by extensions ['ignore', 'ignore_ament_install']
[0.752s] Level 1:colcon.colcon_core.package_identification:_identify(.) by extension 'ignore'
[0.753s] Level 1:colcon.colcon_core.package_identification:_identify(.) by extension 'ignore_ament_install'
[0.753s] Level 1:colcon.colcon_core.package_identification:_identify(.) by extensions ['colcon_pkg']
[0.753s] Level 1:colcon.colcon_core.package_identification:_identify(.) by extension 'colcon_pkg'
[0.753s] Level 1:colcon.colcon_core.package_identification:_identify(.) by extensions ['colcon_meta']
[0.754s] Level 1:colcon.colcon_core.package_identification:_identify(.) by extension 'colcon_meta'
[0.754s] Level 1:colcon.colcon_core.package_identification:_identify(.) by extensions ['ros']
[0.754s] Level 1:colcon.colcon_core.package_identification:_identify(.) by extension 'ros'
[0.773s] Level 1:colcon.colcon_core.package_identification:_identify(.) by extensions ['cmake', 'python']
[0.774s] Level 1:colcon.colcon_core.package_identification:_identify(.) by extension 'cmake'
[0.774s] Level 1:colcon.colcon_core.package_identification:_identify(.) by extension 'python'
[0.774s] Level 1:colcon.colcon_core.package_identification:_identify(.) by extensions ['python_setup_py']
[0.774s] Level 1:colcon.colcon_core.package_identification:_identify(.) by extension 'python_setup_py'
[0.776s] Level 1:colcon.colcon_core.package_identification:_identify(build) by extensions ['ignore', 'ignore_ament_install']
[0.777s] Level 1:colcon.colcon_core.package_identification:_identify(build) by extension 'ignore'
[0.778s] Level 1:colcon.colcon_core.package_identification:_identify(build) ignored
[0.780s] Level 1:colcon.colcon_core.package_identification:_identify(install) by extensions ['ignore', 'ignore_ament_install']
[0.780s] Level 1:colcon.colcon_core.package_identification:_identify(install) by extension 'ignore'
[0.781s] Level 1:colcon.colcon_core.package_identification:_identify(install) ignored
[0.783s] Level 1:colcon.colcon_core.package_identification:_identify(lab1_pkg) by extensions ['ignore', 'ignore_ament_install']
[0.783s] Level 1:colcon.colcon_core.package_identification:_identify(lab1_pkg) by extension 'ignore'
[0.784s] Level 1:colcon.colcon_core.package_identification:_identify(lab1_pkg) by extension 'ignore_ament_install'
[0.785s] Level 1:colcon.colcon_core.package_identification:_identify(lab1_pkg) by extensions ['colcon_pkg']
[0.785s] Level 1:colcon.colcon_core.package_identification:_identify(lab1_pkg) by extension 'colcon_pkg'
[0.786s] Level 1:colcon.colcon_core.package_identification:_identify(lab1_pkg) by extensions ['colcon_meta']
[0.786s] Level 1:colcon.colcon_core.package_identification:_identify(lab1_pkg) by extension 'colcon_meta'
[0.786s] Level 1:colcon.colcon_core.package_identification:_identify(lab1_pkg) by extensions ['ros']
[0.787s] Level 1:colcon.colcon_core.package_identification:_identify(lab1_pkg) by extension 'ros'
[0.789s] Level 1:colcon.colcon_core.package_identification:_identify(lab1_pkg) by extensions ['cmake', 'python']
[0.789s] Level 1:colcon.colcon_core.package_identification:_identify(lab1_pkg) by extension 'cmake'
[0.790s] Level 1:colcon.colcon_core.package_identification:_identify(lab1_pkg) by extension 'python'
[0.790s] Level 1:colcon.colcon_core.package_identification:_identify(lab1_pkg) by extensions ['python_setup_py']
[0.790s] Level 1:colcon.colcon_core.package_identification:_identify(lab1_pkg) by extension 'python_setup_py'
[0.794s] Level 1:colcon.colcon_core.package_identification:_identify(lab1_pkg/log) by extensions ['ignore', 'ignore_ament_install']
[0.794s] Level 1:colcon.colcon_core.package_identification:_identify(lab1_pkg/log) by extension 'ignore'
[0.795s] Level 1:colcon.colcon_core.package_identification:_identify(lab1_pkg/log) by extension 'ignore_ament_install'
[0.797s] Level 1:colcon.colcon_core.package_identification:_identify(lab1_pkg/log) by extensions ['colcon_pkg']
[0.797s] Level 1:colcon.colcon_core.package_identification:_identify(lab1_pkg/log) by extension 'colcon_pkg'
[0.798s] Level 1:colcon.colcon_core.package_identification:_identify(lab1_pkg/log) by extensions ['colcon_meta']
[0.798s] Level 1:colcon.colcon_core.package_identification:_identify(lab1_pkg/log) by extension 'colcon_meta'
[0.799s] Level 1:colcon.colcon_core.package_identification:_identify(lab1_pkg/log) by extensions ['ros']
[0.799s] Level 1:colcon.colcon_core.package_identification:_identify(lab1_pkg/log) by extension 'ros'
[0.803s] Level 1:colcon.colcon_core.package_identification:_identify(lab1_pkg/log) by extensions ['cmake', 'python']
[0.803s] Level 1:colcon.colcon_core.package_identification:_identify(lab1_pkg/log) by extension 'cmake'
[0.804s] Level 1:colcon.colcon_core.package_identification:_identify(lab1_pkg/log) by extension 'python'
[0.805s] Level 1:colcon.colcon_core.package_identification:_identify(lab1_pkg/log) by extensions ['python_setup_py']
[0.805s] Level 1:colcon.colcon_core.package_identification:_identify(lab1_pkg/log) by extension 'python_setup_py'
[0.808s] Level 1:colcon.colcon_core.package_identification:_identify(lab1_pkg2) by extensions ['ignore', 'ignore_ament_install']
[0.808s] Level 1:colcon.colcon_core.package_identification:_identify(lab1_pkg2) by extension 'ignore'
[0.808s] Level 1:colcon.colcon_core.package_identification:_identify(lab1_pkg2) by extension 'ignore_ament_install'
[0.810s] Level 1:colcon.colcon_core.package_identification:_identify(lab1_pkg2) by extensions ['colcon_pkg']
[0.810s] Level 1:colcon.colcon_core.package_identification:_identify(lab1_pkg2) by extension 'colcon_pkg'
[0.811s] Level 1:colcon.colcon_core.package_identification:_identify(lab1_pkg2) by extensions ['colcon_meta']
[0.811s] Level 1:colcon.colcon_core.package_identification:_identify(lab1_pkg2) by extension 'colcon_meta'
[0.812s] Level 1:colcon.colcon_core.package_identification:_identify(lab1_pkg2) by extensions ['ros']
[0.812s] Level 1:colcon.colcon_core.package_identification:_identify(lab1_pkg2) by extension 'ros'
[0.834s] DEBUG:colcon.colcon_core.package_identification:Package 'lab1_pkg2' with type 'ros.ament_python' and name 'lab1_pkg2'
[0.837s] Level 1:colcon.colcon_core.package_identification:_identify(lab1_pkg3) by extensions ['ignore', 'ignore_ament_install']
[0.837s] Level 1:colcon.colcon_core.package_identification:_identify(lab1_pkg3) by extension 'ignore'
[0.837s] Level 1:colcon.colcon_core.package_identification:_identify(lab1_pkg3) by extension 'ignore_ament_install'
[0.839s] Level 1:colcon.colcon_core.package_identification:_identify(lab1_pkg3) by extensions ['colcon_pkg']
[0.839s] Level 1:colcon.colcon_core.package_identification:_identify(lab1_pkg3) by extension 'colcon_pkg'
[0.839s] Level 1:colcon.colcon_core.package_identification:_identify(lab1_pkg3) by extensions ['colcon_meta']
[0.839s] Level 1:colcon.colcon_core.package_identification:_identify(lab1_pkg3) by extension 'colcon_meta'
[0.840s] Level 1:colcon.colcon_core.package_identification:_identify(lab1_pkg3) by extensions ['ros']
[0.840s] Level 1:colcon.colcon_core.package_identification:_identify(lab1_pkg3) by extension 'ros'
[0.848s] DEBUG:colcon.colcon_core.package_identification:Package 'lab1_pkg3' with type 'ros.ament_python' and name 'lab1_pkg3'
[0.851s] Level 1:colcon.colcon_core.package_identification:_identify(log) by extensions ['ignore', 'ignore_ament_install']
[0.851s] Level 1:colcon.colcon_core.package_identification:_identify(log) by extension 'ignore'
[0.852s] Level 1:colcon.colcon_core.package_identification:_identify(log) ignored
[0.852s] Level 1:colcon.colcon_core.package_discovery:discover_packages(recursive) using defaults
[0.852s] Level 1:colcon.colcon_core.package_discovery:discover_packages(ignore) discover
[0.852s] Level 1:colcon.colcon_core.package_discovery:discover_packages(ignore) using defaults
[0.852s] Level 1:colcon.colcon_core.package_discovery:discover_packages(path) discover
[0.852s] Level 1:colcon.colcon_core.package_discovery:discover_packages(path) using defaults
[0.918s] INFO:colcon.colcon_core.package_selection:Skipping not selected package 'lab1_pkg2' in 'lab1_pkg2'
[0.920s] Level 5:colcon.colcon_core.verb:set package 'lab1_pkg3' build argument 'cmake_args' from command line to 'None'
[0.920s] Level 5:colcon.colcon_core.verb:set package 'lab1_pkg3' build argument 'cmake_target' from command line to 'None'
[0.920s] Level 5:colcon.colcon_core.verb:set package 'lab1_pkg3' build argument 'cmake_target_skip_unavailable' from command line to 'False'
[0.921s] Level 5:colcon.colcon_core.verb:set package 'lab1_pkg3' build argument 'cmake_clean_cache' from command line to 'False'
[0.921s] Level 5:colcon.colcon_core.verb:set package 'lab1_pkg3' build argument 'cmake_clean_first' from command line to 'False'
[0.921s] Level 5:colcon.colcon_core.verb:set package 'lab1_pkg3' build argument 'cmake_force_configure' from command line to 'False'
[0.921s] Level 5:colcon.colcon_core.verb:set package 'lab1_pkg3' build argument 'ament_cmake_args' from command line to 'None'
[0.921s] Level 5:colcon.colcon_core.verb:set package 'lab1_pkg3' build argument 'catkin_cmake_args' from command line to 'None'
[0.921s] Level 5:colcon.colcon_core.verb:set package 'lab1_pkg3' build argument 'catkin_skip_building_tests' from command line to 'False'
[0.922s] DEBUG:colcon.colcon_core.verb:Building package 'lab1_pkg3' with the following arguments: {'ament_cmake_args': None, 'build_base': '/lab1_ws/src/build/lab1_pkg3', 'catkin_cmake_args': None, 'catkin_skip_building_tests': False, 'cmake_args': None, 'cmake_clean_cache': False, 'cmake_clean_first': False, 'cmake_force_configure': False, 'cmake_target': None, 'cmake_target_skip_unavailable': False, 'install_base': '/lab1_ws/src/install/lab1_pkg3', 'merge_install': False, 'path': '/lab1_ws/src/lab1_pkg3', 'symlink_install': False, 'test_result_base': None}
[0.923s] INFO:colcon.colcon_core.executor:Executing jobs using 'parallel' executor
[0.926s] DEBUG:colcon.colcon_parallel_executor.executor.parallel:run_until_complete
[0.927s] INFO:colcon.colcon_ros.task.ament_python.build:Building ROS package in '/lab1_ws/src/lab1_pkg3' with build type 'ament_python'
[0.927s] Level 1:colcon.colcon_core.shell:create_environment_hook('lab1_pkg3', 'ament_prefix_path')
[0.942s] INFO:colcon.colcon_core.plugin_system:Skipping extension 'colcon_core.shell.bat': Not used on non-Windows systems
[0.943s] INFO:colcon.colcon_core.shell:Creating environment hook '/lab1_ws/src/install/lab1_pkg3/share/lab1_pkg3/hook/ament_prefix_path.ps1'
[0.955s] INFO:colcon.colcon_core.shell:Creating environment descriptor '/lab1_ws/src/install/lab1_pkg3/share/lab1_pkg3/hook/ament_prefix_path.dsv'
[0.967s] INFO:colcon.colcon_core.shell:Creating environment hook '/lab1_ws/src/install/lab1_pkg3/share/lab1_pkg3/hook/ament_prefix_path.sh'
[0.981s] INFO:colcon.colcon_core.shell:Skip shell extension 'powershell' for command environment: Not usable outside of PowerShell
[0.982s] DEBUG:colcon.colcon_core.shell:Skip shell extension 'dsv' for command environment
[1.573s] INFO:colcon.colcon_core.task.python.build:Building Python package in '/lab1_ws/src/lab1_pkg3'
[1.575s] INFO:colcon.colcon_core.shell:Skip shell extension 'powershell' for command environment: Not usable outside of PowerShell
[1.575s] DEBUG:colcon.colcon_core.shell:Skip shell extension 'dsv' for command environment
[3.019s] DEBUG:colcon.colcon_core.event_handler.log_command:Invoking command in '/lab1_ws/src/lab1_pkg3': PYTHONPATH=/lab1_ws/src/build/lab1_pkg3/prefix_override:/lab1_ws/src/install/lab1_pkg3/lib/python3.8/site-packages:${PYTHONPATH} /usr/bin/python3 setup.py egg_info --egg-base ../build/lab1_pkg3 build --build-base /lab1_ws/src/build/lab1_pkg3/build install --record /lab1_ws/src/build/lab1_pkg3/install.log --install-scripts $base/lib/lab1_pkg3 --single-version-externally-managed
[5.118s] DEBUG:colcon.colcon_core.event_handler.log_command:Invoked command in '/lab1_ws/src/lab1_pkg3' returned '0': PYTHONPATH=/lab1_ws/src/build/lab1_pkg3/prefix_override:/lab1_ws/src/install/lab1_pkg3/lib/python3.8/site-packages:${PYTHONPATH} /usr/bin/python3 setup.py egg_info --egg-base ../build/lab1_pkg3 build --build-base /lab1_ws/src/build/lab1_pkg3/build install --record /lab1_ws/src/build/lab1_pkg3/install.log --install-scripts $base/lib/lab1_pkg3 --single-version-externally-managed
[5.137s] Level 1:colcon.colcon_core.environment:checking '/lab1_ws/src/install/lab1_pkg3' for CMake module files
[5.211s] Level 1:colcon.colcon_core.environment:checking '/lab1_ws/src/install/lab1_pkg3' for CMake config files
[5.325s] Level 1:colcon.colcon_core.environment:checking '/lab1_ws/src/install/lab1_pkg3/lib'
[5.332s] Level 1:colcon.colcon_core.environment:checking '/lab1_ws/src/install/lab1_pkg3/bin'
[5.335s] Level 1:colcon.colcon_core.environment:checking '/lab1_ws/src/install/lab1_pkg3/lib/pkgconfig/lab1_pkg3.pc'
[5.338s] Level 1:colcon.colcon_core.environment:checking '/lab1_ws/src/install/lab1_pkg3/lib/python3.8/site-packages'
[5.342s] Level 1:colcon.colcon_core.shell:create_environment_hook('lab1_pkg3', 'pythonpath')
[5.344s] INFO:colcon.colcon_core.shell:Creating environment hook '/lab1_ws/src/install/lab1_pkg3/share/lab1_pkg3/hook/pythonpath.ps1'
[5.373s] INFO:colcon.colcon_core.shell:Creating environment descriptor '/lab1_ws/src/install/lab1_pkg3/share/lab1_pkg3/hook/pythonpath.dsv'
[5.397s] INFO:colcon.colcon_core.shell:Creating environment hook '/lab1_ws/src/install/lab1_pkg3/share/lab1_pkg3/hook/pythonpath.sh'
[5.420s] Level 1:colcon.colcon_core.environment:checking '/lab1_ws/src/install/lab1_pkg3/bin'
[5.422s] Level 1:colcon.colcon_core.environment:create_environment_scripts_only(lab1_pkg3)
[5.424s] INFO:colcon.colcon_core.shell:Creating package script '/lab1_ws/src/install/lab1_pkg3/share/lab1_pkg3/package.ps1'
[5.441s] INFO:colcon.colcon_core.shell:Creating package descriptor '/lab1_ws/src/install/lab1_pkg3/share/lab1_pkg3/package.dsv'
[5.458s] INFO:colcon.colcon_core.shell:Creating package script '/lab1_ws/src/install/lab1_pkg3/share/lab1_pkg3/package.sh'
[5.477s] INFO:colcon.colcon_core.shell:Creating package script '/lab1_ws/src/install/lab1_pkg3/share/lab1_pkg3/package.bash'
[5.492s] INFO:colcon.colcon_core.shell:Creating package script '/lab1_ws/src/install/lab1_pkg3/share/lab1_pkg3/package.zsh'
[5.511s] Level 1:colcon.colcon_core.environment:create_file_with_runtime_dependencies(/lab1_ws/src/install/lab1_pkg3/share/colcon-core/packages/lab1_pkg3)
[5.526s] DEBUG:colcon.colcon_parallel_executor.executor.parallel:closing loop
[5.526s] DEBUG:colcon.colcon_parallel_executor.executor.parallel:loop closed
[5.527s] DEBUG:colcon.colcon_parallel_executor.executor.parallel:run_until_complete finished with '0'
[5.527s] DEBUG:colcon.colcon_core.event_reactor:joining thread
[5.568s] INFO:colcon.colcon_core.plugin_system:Skipping extension 'colcon_notification.desktop_notification.notify_send': Could not find 'notify-send'
[5.568s] INFO:colcon.colcon_core.plugin_system:Skipping extension 'colcon_notification.desktop_notification.terminal_notifier': Not used on non-Darwin systems
[5.568s] INFO:colcon.colcon_core.plugin_system:Skipping extension 'colcon_notification.desktop_notification.win32': Not used on non-Windows systems
[5.569s] INFO:colcon.colcon_notification.desktop_notification:Sending desktop notification using 'notify2'
[5.569s] DEBUG:colcon.colcon_notification.desktop_notification.notify2:Failed to initialize notify2: org.freedesktop.DBus.Error.NotSupported: Unable to autolaunch a dbus-daemon without a $DISPLAY for X11
[5.569s] DEBUG:colcon.colcon_core.event_reactor:joined thread
[5.571s] INFO:colcon.colcon_core.shell:Creating prefix script '/lab1_ws/src/install/local_setup.ps1'
[5.580s] INFO:colcon.colcon_core.shell:Creating prefix util module '/lab1_ws/src/install/_local_setup_util_ps1.py'
[5.589s] INFO:colcon.colcon_core.shell:Creating prefix chain script '/lab1_ws/src/install/setup.ps1'
[5.608s] INFO:colcon.colcon_core.shell:Creating prefix script '/lab1_ws/src/install/local_setup.sh'
[5.617s] INFO:colcon.colcon_core.shell:Creating prefix util module '/lab1_ws/src/install/_local_setup_util_sh.py'
[5.624s] INFO:colcon.colcon_core.shell:Creating prefix chain script '/lab1_ws/src/install/setup.sh'
[5.643s] INFO:colcon.colcon_core.shell:Creating prefix script '/lab1_ws/src/install/local_setup.bash'
[5.652s] INFO:colcon.colcon_core.shell:Creating prefix chain script '/lab1_ws/src/install/setup.bash'
[5.671s] INFO:colcon.colcon_core.shell:Creating prefix script '/lab1_ws/src/install/local_setup.zsh'
[5.678s] INFO:colcon.colcon_core.shell:Creating prefix chain script '/lab1_ws/src/install/setup.zsh'
