[0.699s] DEBUG:colcon:Command line arguments: ['/usr/bin/colcon', 'build', '--packages-select', 'lab1_pkg3']
[0.700s] DEBUG:colcon:Parsed command line arguments: Namespace(ament_cmake_args=None, base_paths=['.'], build_base='build', catkin_cmake_args=None, catkin_skip_building_tests=False, cmake_args=None, cmake_clean_cache=False, cmake_clean_first=False, cmake_force_configure=False, cmake_target=None, cmake_target_skip_unavailable=False, continue_on_error=False, event_handlers=None, executor='parallel', ignore_user_meta=False, install_base='install', log_base=None, log_level=None, main=<bound method BuildVerb.main of <colcon_core.verb.build.BuildVerb object at 0x7f76c83c92b0>>, merge_install=False, metas=['./colcon.meta'], mixin=None, mixin_files=None, mixin_verb=('build',), packages_above=None, packages_above_and_dependencies=None, packages_above_depth=None, packages_end=None, packages_ignore=None, packages_ignore_regex=None, packages_select=['lab1_pkg3'], packages_select_build_failed=False, packages_select_by_dep=None, packages_select_regex=None, packages_select_test_failures=False, packages_skip=None, packages_skip_build_finished=False, packages_skip_by_dep=None, packages_skip_regex=None, packages_skip_test_passed=False, packages_skip_up_to=None, packages_start=None, packages_up_to=None, packages_up_to_regex=None, parallel_workers=12, paths=None, symlink_install=False, test_result_base=None, verb_extension=<colcon_core.verb.build.BuildVerb object at 0x7f76c83c92b0>, verb_name='build', verb_parser=<colcon_mixin.mixin.mixin_argument.MixinArgumentDecorator object at 0x7f76c83c9910>)
[0.794s] Level 1:colcon.colcon_core.package_discovery:discover_packages(colcon_meta) check parameters
[0.796s] INFO:colcon.colcon_metadata.package_discovery.colcon_meta:Using configuration from '/root/.colcon/metadata/default/Gazebo.meta'
[0.797s] INFO:colcon.colcon_metadata.package_discovery.colcon_meta:Using configuration from '/root/.colcon/metadata/default/fastrtps.meta'
[0.798s] Level 1:colcon.colcon_core.package_discovery:discover_packages(recursive) check parameters
[0.798s] Level 1:colcon.colcon_core.package_discovery:discover_packages(ignore) check parameters
[0.798s] Level 1:colcon.colcon_core.package_discovery:discover_packages(path) check parameters
[0.799s] Level 1:colcon.colcon_core.package_discovery:discover_packages(colcon_meta) discover
[0.799s] Level 1:colcon.colcon_core.package_discovery:discover_packages(recursive) discover
[0.799s] INFO:colcon.colcon_core.package_discovery:Crawling recursively for packages in '/lab1_ws/src'
[0.801s] Level 1:colcon.colcon_core.package_identification:_identify(.) by extensions ['ignore', 'ignore_ament_install']
[0.801s] Level 1:colcon.colcon_core.package_identification:_identify(.) by extension 'ignore'
[0.802s] Level 1:colcon.colcon_core.package_identification:_identify(.) by extension 'ignore_ament_install'
[0.802s] Level 1:colcon.colcon_core.package_identification:_identify(.) by extensions ['colcon_pkg']
[0.802s] Level 1:colcon.colcon_core.package_identification:_identify(.) by extension 'colcon_pkg'
[0.803s] Level 1:colcon.colcon_core.package_identification:_identify(.) by extensions ['colcon_meta']
[0.803s] Level 1:colcon.colcon_core.package_identification:_identify(.) by extension 'colcon_meta'
[0.803s] Level 1:colcon.colcon_core.package_identification:_identify(.) by extensions ['ros']
[0.803s] Level 1:colcon.colcon_core.package_identification:_identify(.) by extension 'ros'
[0.823s] Level 1:colcon.colcon_core.package_identification:_identify(.) by extensions ['cmake', 'python']
[0.823s] Level 1:colcon.colcon_core.package_identification:_identify(.) by extension 'cmake'
[0.823s] Level 1:colcon.colcon_core.package_identification:_identify(.) by extension 'python'
[0.824s] Level 1:colcon.colcon_core.package_identification:_identify(.) by extensions ['python_setup_py']
[0.824s] Level 1:colcon.colcon_core.package_identification:_identify(.) by extension 'python_setup_py'
[0.827s] Level 1:colcon.colcon_core.package_identification:_identify(build) by extensions ['ignore', 'ignore_ament_install']
[0.828s] Level 1:colcon.colcon_core.package_identification:_identify(build) by extension 'ignore'
[0.829s] Level 1:colcon.colcon_core.package_identification:_identify(build) ignored
[0.831s] Level 1:colcon.colcon_core.package_identification:_identify(install) by extensions ['ignore', 'ignore_ament_install']
[0.832s] Level 1:colcon.colcon_core.package_identification:_identify(install) by extension 'ignore'
[0.833s] Level 1:colcon.colcon_core.package_identification:_identify(install) ignored
[0.835s] Level 1:colcon.colcon_core.package_identification:_identify(lab1_pkg) by extensions ['ignore', 'ignore_ament_install']
[0.836s] Level 1:colcon.colcon_core.package_identification:_identify(lab1_pkg) by extension 'ignore'
[0.837s] Level 1:colcon.colcon_core.package_identification:_identify(lab1_pkg) by extension 'ignore_ament_install'
[0.838s] Level 1:colcon.colcon_core.package_identification:_identify(lab1_pkg) by extensions ['colcon_pkg']
[0.839s] Level 1:colcon.colcon_core.package_identification:_identify(lab1_pkg) by extension 'colcon_pkg'
[0.839s] Level 1:colcon.colcon_core.package_identification:_identify(lab1_pkg) by extensions ['colcon_meta']
[0.840s] Level 1:colcon.colcon_core.package_identification:_identify(lab1_pkg) by extension 'colcon_meta'
[0.841s] Level 1:colcon.colcon_core.package_identification:_identify(lab1_pkg) by extensions ['ros']
[0.841s] Level 1:colcon.colcon_core.package_identification:_identify(lab1_pkg) by extension 'ros'
[0.845s] Level 1:colcon.colcon_core.package_identification:_identify(lab1_pkg) by extensions ['cmake', 'python']
[0.845s] Level 1:colcon.colcon_core.package_identification:_identify(lab1_pkg) by extension 'cmake'
[0.847s] Level 1:colcon.colcon_core.package_identification:_identify(lab1_pkg) by extension 'python'
[0.847s] Level 1:colcon.colcon_core.package_identification:_identify(lab1_pkg) by extensions ['python_setup_py']
[0.848s] Level 1:colcon.colcon_core.package_identification:_identify(lab1_pkg) by extension 'python_setup_py'
[0.852s] Level 1:colcon.colcon_core.package_identification:_identify(lab1_pkg/log) by extensions ['ignore', 'ignore_ament_install']
[0.852s] Level 1:colcon.colcon_core.package_identification:_identify(lab1_pkg/log) by extension 'ignore'
[0.854s] Level 1:colcon.colcon_core.package_identification:_identify(lab1_pkg/log) by extension 'ignore_ament_install'
[0.856s] Level 1:colcon.colcon_core.package_identification:_identify(lab1_pkg/log) by extensions ['colcon_pkg']
[0.856s] Level 1:colcon.colcon_core.package_identification:_identify(lab1_pkg/log) by extension 'colcon_pkg'
[0.858s] Level 1:colcon.colcon_core.package_identification:_identify(lab1_pkg/log) by extensions ['colcon_meta']
[0.858s] Level 1:colcon.colcon_core.package_identification:_identify(lab1_pkg/log) by extension 'colcon_meta'
[0.860s] Level 1:colcon.colcon_core.package_identification:_identify(lab1_pkg/log) by extensions ['ros']
[0.860s] Level 1:colcon.colcon_core.package_identification:_identify(lab1_pkg/log) by extension 'ros'
[0.866s] Level 1:colcon.colcon_core.package_identification:_identify(lab1_pkg/log) by extensions ['cmake', 'python']
[0.866s] Level 1:colcon.colcon_core.package_identification:_identify(lab1_pkg/log) by extension 'cmake'
[0.868s] Level 1:colcon.colcon_core.package_identification:_identify(lab1_pkg/log) by extension 'python'
[0.869s] Level 1:colcon.colcon_core.package_identification:_identify(lab1_pkg/log) by extensions ['python_setup_py']
[0.869s] Level 1:colcon.colcon_core.package_identification:_identify(lab1_pkg/log) by extension 'python_setup_py'
[0.873s] Level 1:colcon.colcon_core.package_identification:_identify(lab1_pkg2) by extensions ['ignore', 'ignore_ament_install']
[0.873s] Level 1:colcon.colcon_core.package_identification:_identify(lab1_pkg2) by extension 'ignore'
[0.874s] Level 1:colcon.colcon_core.package_identification:_identify(lab1_pkg2) by extension 'ignore_ament_install'
[0.876s] Level 1:colcon.colcon_core.package_identification:_identify(lab1_pkg2) by extensions ['colcon_pkg']
[0.876s] Level 1:colcon.colcon_core.package_identification:_identify(lab1_pkg2) by extension 'colcon_pkg'
[0.877s] Level 1:colcon.colcon_core.package_identification:_identify(lab1_pkg2) by extensions ['colcon_meta']
[0.877s] Level 1:colcon.colcon_core.package_identification:_identify(lab1_pkg2) by extension 'colcon_meta'
[0.878s] Level 1:colcon.colcon_core.package_identification:_identify(lab1_pkg2) by extensions ['ros']
[0.878s] Level 1:colcon.colcon_core.package_identification:_identify(lab1_pkg2) by extension 'ros'
[0.901s] DEBUG:colcon.colcon_core.package_identification:Package 'lab1_pkg2' with type 'ros.ament_python' and name 'lab1_pkg2'
[0.904s] Level 1:colcon.colcon_core.package_identification:_identify(lab1_pkg3) by extensions ['ignore', 'ignore_ament_install']
[0.905s] Level 1:colcon.colcon_core.package_identification:_identify(lab1_pkg3) by extension 'ignore'
[0.906s] Level 1:colcon.colcon_core.package_identification:_identify(lab1_pkg3) by extension 'ignore_ament_install'
[0.908s] Level 1:colcon.colcon_core.package_identification:_identify(lab1_pkg3) by extensions ['colcon_pkg']
[0.908s] Level 1:colcon.colcon_core.package_identification:_identify(lab1_pkg3) by extension 'colcon_pkg'
[0.909s] Level 1:colcon.colcon_core.package_identification:_identify(lab1_pkg3) by extensions ['colcon_meta']
[0.909s] Level 1:colcon.colcon_core.package_identification:_identify(lab1_pkg3) by extension 'colcon_meta'
[0.910s] Level 1:colcon.colcon_core.package_identification:_identify(lab1_pkg3) by extensions ['ros']
[0.910s] Level 1:colcon.colcon_core.package_identification:_identify(lab1_pkg3) by extension 'ros'
[0.920s] DEBUG:colcon.colcon_core.package_identification:Package 'lab1_pkg3' with type 'ros.ament_python' and name 'lab1_pkg3'
[0.924s] Level 1:colcon.colcon_core.package_identification:_identify(log) by extensions ['ignore', 'ignore_ament_install']
[0.925s] Level 1:colcon.colcon_core.package_identification:_identify(log) by extension 'ignore'
[0.926s] Level 1:colcon.colcon_core.package_identification:_identify(log) ignored
[0.926s] Level 1:colcon.colcon_core.package_discovery:discover_packages(recursive) using defaults
[0.926s] Level 1:colcon.colcon_core.package_discovery:discover_packages(ignore) discover
[0.926s] Level 1:colcon.colcon_core.package_discovery:discover_packages(ignore) using defaults
[0.926s] Level 1:colcon.colcon_core.package_discovery:discover_packages(path) discover
[0.926s] Level 1:colcon.colcon_core.package_discovery:discover_packages(path) using defaults
[1.000s] INFO:colcon.colcon_core.package_selection:Skipping not selected package 'lab1_pkg2' in 'lab1_pkg2'
[1.001s] Level 5:colcon.colcon_core.verb:set package 'lab1_pkg3' build argument 'cmake_args' from command line to 'None'
[1.002s] Level 5:colcon.colcon_core.verb:set package 'lab1_pkg3' build argument 'cmake_target' from command line to 'None'
[1.002s] Level 5:colcon.colcon_core.verb:set package 'lab1_pkg3' build argument 'cmake_target_skip_unavailable' from command line to 'False'
[1.002s] Level 5:colcon.colcon_core.verb:set package 'lab1_pkg3' build argument 'cmake_clean_cache' from command line to 'False'
[1.002s] Level 5:colcon.colcon_core.verb:set package 'lab1_pkg3' build argument 'cmake_clean_first' from command line to 'False'
[1.002s] Level 5:colcon.colcon_core.verb:set package 'lab1_pkg3' build argument 'cmake_force_configure' from command line to 'False'
[1.003s] Level 5:colcon.colcon_core.verb:set package 'lab1_pkg3' build argument 'ament_cmake_args' from command line to 'None'
[1.003s] Level 5:colcon.colcon_core.verb:set package 'lab1_pkg3' build argument 'catkin_cmake_args' from command line to 'None'
[1.003s] Level 5:colcon.colcon_core.verb:set package 'lab1_pkg3' build argument 'catkin_skip_building_tests' from command line to 'False'
[1.003s] DEBUG:colcon.colcon_core.verb:Building package 'lab1_pkg3' with the following arguments: {'ament_cmake_args': None, 'build_base': '/lab1_ws/src/build/lab1_pkg3', 'catkin_cmake_args': None, 'catkin_skip_building_tests': False, 'cmake_args': None, 'cmake_clean_cache': False, 'cmake_clean_first': False, 'cmake_force_configure': False, 'cmake_target': None, 'cmake_target_skip_unavailable': False, 'install_base': '/lab1_ws/src/install/lab1_pkg3', 'merge_install': False, 'path': '/lab1_ws/src/lab1_pkg3', 'symlink_install': False, 'test_result_base': None}
[1.004s] INFO:colcon.colcon_core.executor:Executing jobs using 'parallel' executor
[1.008s] DEBUG:colcon.colcon_parallel_executor.executor.parallel:run_until_complete
[1.008s] INFO:colcon.colcon_ros.task.ament_python.build:Building ROS package in '/lab1_ws/src/lab1_pkg3' with build type 'ament_python'
[1.009s] Level 1:colcon.colcon_core.shell:create_environment_hook('lab1_pkg3', 'ament_prefix_path')
[1.025s] INFO:colcon.colcon_core.plugin_system:Skipping extension 'colcon_core.shell.bat': Not used on non-Windows systems
[1.026s] INFO:colcon.colcon_core.shell:Creating environment hook '/lab1_ws/src/install/lab1_pkg3/share/lab1_pkg3/hook/ament_prefix_path.ps1'
[1.041s] INFO:colcon.colcon_core.shell:Creating environment descriptor '/lab1_ws/src/install/lab1_pkg3/share/lab1_pkg3/hook/ament_prefix_path.dsv'
[1.056s] INFO:colcon.colcon_core.shell:Creating environment hook '/lab1_ws/src/install/lab1_pkg3/share/lab1_pkg3/hook/ament_prefix_path.sh'
[1.073s] INFO:colcon.colcon_core.shell:Skip shell extension 'powershell' for command environment: Not usable outside of PowerShell
[1.073s] DEBUG:colcon.colcon_core.shell:Skip shell extension 'dsv' for command environment
[1.695s] INFO:colcon.colcon_core.task.python.build:Building Python package in '/lab1_ws/src/lab1_pkg3'
[1.697s] INFO:colcon.colcon_core.shell:Skip shell extension 'powershell' for command environment: Not usable outside of PowerShell
[1.697s] DEBUG:colcon.colcon_core.shell:Skip shell extension 'dsv' for command environment
[3.079s] DEBUG:colcon.colcon_core.event_handler.log_command:Invoking command in '/lab1_ws/src/lab1_pkg3': PYTHONPATH=/lab1_ws/src/build/lab1_pkg3/prefix_override:/lab1_ws/src/install/lab1_pkg3/lib/python3.8/site-packages:${PYTHONPATH} /usr/bin/python3 setup.py egg_info --egg-base ../build/lab1_pkg3 build --build-base /lab1_ws/src/build/lab1_pkg3/build install --record /lab1_ws/src/build/lab1_pkg3/install.log --install-scripts $base/lib/lab1_pkg3 --single-version-externally-managed
[5.216s] DEBUG:colcon.colcon_core.event_handler.log_command:Invoked command in '/lab1_ws/src/lab1_pkg3' returned '0': PYTHONPATH=/lab1_ws/src/build/lab1_pkg3/prefix_override:/lab1_ws/src/install/lab1_pkg3/lib/python3.8/site-packages:${PYTHONPATH} /usr/bin/python3 setup.py egg_info --egg-base ../build/lab1_pkg3 build --build-base /lab1_ws/src/build/lab1_pkg3/build install --record /lab1_ws/src/build/lab1_pkg3/install.log --install-scripts $base/lib/lab1_pkg3 --single-version-externally-managed
[5.235s] Level 1:colcon.colcon_core.environment:checking '/lab1_ws/src/install/lab1_pkg3' for CMake module files
[5.311s] Level 1:colcon.colcon_core.environment:checking '/lab1_ws/src/install/lab1_pkg3' for CMake config files
[5.411s] Level 1:colcon.colcon_core.environment:checking '/lab1_ws/src/install/lab1_pkg3/lib'
[5.416s] Level 1:colcon.colcon_core.environment:checking '/lab1_ws/src/install/lab1_pkg3/bin'
[5.417s] Level 1:colcon.colcon_core.environment:checking '/lab1_ws/src/install/lab1_pkg3/lib/pkgconfig/lab1_pkg3.pc'
[5.419s] Level 1:colcon.colcon_core.environment:checking '/lab1_ws/src/install/lab1_pkg3/lib/python3.8/site-packages'
[5.421s] Level 1:colcon.colcon_core.shell:create_environment_hook('lab1_pkg3', 'pythonpath')
[5.424s] INFO:colcon.colcon_core.shell:Creating environment hook '/lab1_ws/src/install/lab1_pkg3/share/lab1_pkg3/hook/pythonpath.ps1'
[5.440s] INFO:colcon.colcon_core.shell:Creating environment descriptor '/lab1_ws/src/install/lab1_pkg3/share/lab1_pkg3/hook/pythonpath.dsv'
[5.455s] INFO:colcon.colcon_core.shell:Creating environment hook '/lab1_ws/src/install/lab1_pkg3/share/lab1_pkg3/hook/pythonpath.sh'
[5.471s] Level 1:colcon.colcon_core.environment:checking '/lab1_ws/src/install/lab1_pkg3/bin'
[5.473s] Level 1:colcon.colcon_core.environment:create_environment_scripts_only(lab1_pkg3)
[5.475s] INFO:colcon.colcon_core.shell:Creating package script '/lab1_ws/src/install/lab1_pkg3/share/lab1_pkg3/package.ps1'
[5.494s] INFO:colcon.colcon_core.shell:Creating package descriptor '/lab1_ws/src/install/lab1_pkg3/share/lab1_pkg3/package.dsv'
[5.507s] INFO:colcon.colcon_core.shell:Creating package script '/lab1_ws/src/install/lab1_pkg3/share/lab1_pkg3/package.sh'
[5.520s] INFO:colcon.colcon_core.shell:Creating package script '/lab1_ws/src/install/lab1_pkg3/share/lab1_pkg3/package.bash'
[5.533s] INFO:colcon.colcon_core.shell:Creating package script '/lab1_ws/src/install/lab1_pkg3/share/lab1_pkg3/package.zsh'
[5.548s] Level 1:colcon.colcon_core.environment:create_file_with_runtime_dependencies(/lab1_ws/src/install/lab1_pkg3/share/colcon-core/packages/lab1_pkg3)
[5.559s] DEBUG:colcon.colcon_parallel_executor.executor.parallel:closing loop
[5.559s] DEBUG:colcon.colcon_parallel_executor.executor.parallel:loop closed
[5.560s] DEBUG:colcon.colcon_parallel_executor.executor.parallel:run_until_complete finished with '0'
[5.560s] DEBUG:colcon.colcon_core.event_reactor:joining thread
[5.602s] INFO:colcon.colcon_core.plugin_system:Skipping extension 'colcon_notification.desktop_notification.notify_send': Could not find 'notify-send'
[5.603s] INFO:colcon.colcon_core.plugin_system:Skipping extension 'colcon_notification.desktop_notification.terminal_notifier': Not used on non-Darwin systems
[5.603s] INFO:colcon.colcon_core.plugin_system:Skipping extension 'colcon_notification.desktop_notification.win32': Not used on non-Windows systems
[5.603s] INFO:colcon.colcon_notification.desktop_notification:Sending desktop notification using 'notify2'
[5.604s] DEBUG:colcon.colcon_notification.desktop_notification.notify2:Failed to initialize notify2: org.freedesktop.DBus.Error.NotSupported: Unable to autolaunch a dbus-daemon without a $DISPLAY for X11
[5.604s] DEBUG:colcon.colcon_core.event_reactor:joined thread
[5.606s] INFO:colcon.colcon_core.shell:Creating prefix script '/lab1_ws/src/install/local_setup.ps1'
[5.612s] INFO:colcon.colcon_core.shell:Creating prefix util module '/lab1_ws/src/install/_local_setup_util_ps1.py'
[5.620s] INFO:colcon.colcon_core.shell:Creating prefix chain script '/lab1_ws/src/install/setup.ps1'
[5.638s] INFO:colcon.colcon_core.shell:Creating prefix script '/lab1_ws/src/install/local_setup.sh'
[5.647s] INFO:colcon.colcon_core.shell:Creating prefix util module '/lab1_ws/src/install/_local_setup_util_sh.py'
[5.656s] INFO:colcon.colcon_core.shell:Creating prefix chain script '/lab1_ws/src/install/setup.sh'
[5.681s] INFO:colcon.colcon_core.shell:Creating prefix script '/lab1_ws/src/install/local_setup.bash'
[5.691s] INFO:colcon.colcon_core.shell:Creating prefix chain script '/lab1_ws/src/install/setup.bash'
[5.714s] INFO:colcon.colcon_core.shell:Creating prefix script '/lab1_ws/src/install/local_setup.zsh'
[5.723s] INFO:colcon.colcon_core.shell:Creating prefix chain script '/lab1_ws/src/install/setup.zsh'
