[0.532s] DEBUG:colcon:Command line arguments: ['/usr/bin/colcon', 'build', '--packages-select', 'lab1_pkg3']
[0.532s] DEBUG:colcon:Parsed command line arguments: Namespace(ament_cmake_args=None, base_paths=['.'], build_base='build', catkin_cmake_args=None, catkin_skip_building_tests=False, cmake_args=None, cmake_clean_cache=False, cmake_clean_first=False, cmake_force_configure=False, cmake_target=None, cmake_target_skip_unavailable=False, continue_on_error=False, event_handlers=None, executor='parallel', ignore_user_meta=False, install_base='install', log_base=None, log_level=None, main=<bound method BuildVerb.main of <colcon_core.verb.build.BuildVerb object at 0x7f71b9f4f8e0>>, merge_install=False, metas=['./colcon.meta'], mixin=None, mixin_files=None, mixin_verb=('build',), packages_above=None, packages_above_and_dependencies=None, packages_above_depth=None, packages_end=None, packages_ignore=None, packages_ignore_regex=None, packages_select=['lab1_pkg3'], packages_select_build_failed=False, packages_select_by_dep=None, packages_select_regex=None, packages_select_test_failures=False, packages_skip=None, packages_skip_build_finished=False, packages_skip_by_dep=None, packages_skip_regex=None, packages_skip_test_passed=False, packages_skip_up_to=None, packages_start=None, packages_up_to=None, packages_up_to_regex=None, parallel_workers=12, paths=None, symlink_install=False, test_result_base=None, verb_extension=<colcon_core.verb.build.BuildVerb object at 0x7f71b9f4f8e0>, verb_name='build', verb_parser=<colcon_mixin.mixin.mixin_argument.MixinArgumentDecorator object at 0x7f71b9f4feb0>)
[0.603s] Level 1:colcon.colcon_core.package_discovery:discover_packages(colcon_meta) check parameters
[0.604s] INFO:colcon.colcon_metadata.package_discovery.colcon_meta:Using configuration from '/root/.colcon/metadata/default/Gazebo.meta'
[0.604s] INFO:colcon.colcon_metadata.package_discovery.colcon_meta:Using configuration from '/root/.colcon/metadata/default/fastrtps.meta'
[0.605s] Level 1:colcon.colcon_core.package_discovery:discover_packages(recursive) check parameters
[0.605s] Level 1:colcon.colcon_core.package_discovery:discover_packages(ignore) check parameters
[0.605s] Level 1:colcon.colcon_core.package_discovery:discover_packages(path) check parameters
[0.605s] Level 1:colcon.colcon_core.package_discovery:discover_packages(colcon_meta) discover
[0.606s] Level 1:colcon.colcon_core.package_discovery:discover_packages(recursive) discover
[0.606s] INFO:colcon.colcon_core.package_discovery:Crawling recursively for packages in '/lab1_ws/src'
[0.607s] Level 1:colcon.colcon_core.package_identification:_identify(.) by extensions ['ignore', 'ignore_ament_install']
[0.607s] Level 1:colcon.colcon_core.package_identification:_identify(.) by extension 'ignore'
[0.608s] Level 1:colcon.colcon_core.package_identification:_identify(.) by extension 'ignore_ament_install'
[0.608s] Level 1:colcon.colcon_core.package_identification:_identify(.) by extensions ['colcon_pkg']
[0.608s] Level 1:colcon.colcon_core.package_identification:_identify(.) by extension 'colcon_pkg'
[0.609s] Level 1:colcon.colcon_core.package_identification:_identify(.) by extensions ['colcon_meta']
[0.609s] Level 1:colcon.colcon_core.package_identification:_identify(.) by extension 'colcon_meta'
[0.609s] Level 1:colcon.colcon_core.package_identification:_identify(.) by extensions ['ros']
[0.609s] Level 1:colcon.colcon_core.package_identification:_identify(.) by extension 'ros'
[0.625s] Level 1:colcon.colcon_core.package_identification:_identify(.) by extensions ['cmake', 'python']
[0.625s] Level 1:colcon.colcon_core.package_identification:_identify(.) by extension 'cmake'
[0.625s] Level 1:colcon.colcon_core.package_identification:_identify(.) by extension 'python'
[0.626s] Level 1:colcon.colcon_core.package_identification:_identify(.) by extensions ['python_setup_py']
[0.626s] Level 1:colcon.colcon_core.package_identification:_identify(.) by extension 'python_setup_py'
[0.628s] Level 1:colcon.colcon_core.package_identification:_identify(build) by extensions ['ignore', 'ignore_ament_install']
[0.628s] Level 1:colcon.colcon_core.package_identification:_identify(build) by extension 'ignore'
[0.630s] Level 1:colcon.colcon_core.package_identification:_identify(build) ignored
[0.632s] Level 1:colcon.colcon_core.package_identification:_identify(install) by extensions ['ignore', 'ignore_ament_install']
[0.632s] Level 1:colcon.colcon_core.package_identification:_identify(install) by extension 'ignore'
[0.633s] Level 1:colcon.colcon_core.package_identification:_identify(install) ignored
[0.635s] Level 1:colcon.colcon_core.package_identification:_identify(lab1_pkg) by extensions ['ignore', 'ignore_ament_install']
[0.636s] Level 1:colcon.colcon_core.package_identification:_identify(lab1_pkg) by extension 'ignore'
[0.636s] Level 1:colcon.colcon_core.package_identification:_identify(lab1_pkg) by extension 'ignore_ament_install'
[0.638s] Level 1:colcon.colcon_core.package_identification:_identify(lab1_pkg) by extensions ['colcon_pkg']
[0.638s] Level 1:colcon.colcon_core.package_identification:_identify(lab1_pkg) by extension 'colcon_pkg'
[0.639s] Level 1:colcon.colcon_core.package_identification:_identify(lab1_pkg) by extensions ['colcon_meta']
[0.639s] Level 1:colcon.colcon_core.package_identification:_identify(lab1_pkg) by extension 'colcon_meta'
[0.640s] Level 1:colcon.colcon_core.package_identification:_identify(lab1_pkg) by extensions ['ros']
[0.640s] Level 1:colcon.colcon_core.package_identification:_identify(lab1_pkg) by extension 'ros'
[0.643s] Level 1:colcon.colcon_core.package_identification:_identify(lab1_pkg) by extensions ['cmake', 'python']
[0.643s] Level 1:colcon.colcon_core.package_identification:_identify(lab1_pkg) by extension 'cmake'
[0.643s] Level 1:colcon.colcon_core.package_identification:_identify(lab1_pkg) by extension 'python'
[0.644s] Level 1:colcon.colcon_core.package_identification:_identify(lab1_pkg) by extensions ['python_setup_py']
[0.644s] Level 1:colcon.colcon_core.package_identification:_identify(lab1_pkg) by extension 'python_setup_py'
[0.648s] Level 1:colcon.colcon_core.package_identification:_identify(lab1_pkg/log) by extensions ['ignore', 'ignore_ament_install']
[0.649s] Level 1:colcon.colcon_core.package_identification:_identify(lab1_pkg/log) by extension 'ignore'
[0.650s] Level 1:colcon.colcon_core.package_identification:_identify(lab1_pkg/log) by extension 'ignore_ament_install'
[0.652s] Level 1:colcon.colcon_core.package_identification:_identify(lab1_pkg/log) by extensions ['colcon_pkg']
[0.652s] Level 1:colcon.colcon_core.package_identification:_identify(lab1_pkg/log) by extension 'colcon_pkg'
[0.654s] Level 1:colcon.colcon_core.package_identification:_identify(lab1_pkg/log) by extensions ['colcon_meta']
[0.654s] Level 1:colcon.colcon_core.package_identification:_identify(lab1_pkg/log) by extension 'colcon_meta'
[0.655s] Level 1:colcon.colcon_core.package_identification:_identify(lab1_pkg/log) by extensions ['ros']
[0.655s] Level 1:colcon.colcon_core.package_identification:_identify(lab1_pkg/log) by extension 'ros'
[0.660s] Level 1:colcon.colcon_core.package_identification:_identify(lab1_pkg/log) by extensions ['cmake', 'python']
[0.660s] Level 1:colcon.colcon_core.package_identification:_identify(lab1_pkg/log) by extension 'cmake'
[0.661s] Level 1:colcon.colcon_core.package_identification:_identify(lab1_pkg/log) by extension 'python'
[0.663s] Level 1:colcon.colcon_core.package_identification:_identify(lab1_pkg/log) by extensions ['python_setup_py']
[0.663s] Level 1:colcon.colcon_core.package_identification:_identify(lab1_pkg/log) by extension 'python_setup_py'
[0.666s] Level 1:colcon.colcon_core.package_identification:_identify(lab1_pkg2) by extensions ['ignore', 'ignore_ament_install']
[0.666s] Level 1:colcon.colcon_core.package_identification:_identify(lab1_pkg2) by extension 'ignore'
[0.667s] Level 1:colcon.colcon_core.package_identification:_identify(lab1_pkg2) by extension 'ignore_ament_install'
[0.668s] Level 1:colcon.colcon_core.package_identification:_identify(lab1_pkg2) by extensions ['colcon_pkg']
[0.669s] Level 1:colcon.colcon_core.package_identification:_identify(lab1_pkg2) by extension 'colcon_pkg'
[0.669s] Level 1:colcon.colcon_core.package_identification:_identify(lab1_pkg2) by extensions ['colcon_meta']
[0.669s] Level 1:colcon.colcon_core.package_identification:_identify(lab1_pkg2) by extension 'colcon_meta'
[0.670s] Level 1:colcon.colcon_core.package_identification:_identify(lab1_pkg2) by extensions ['ros']
[0.670s] Level 1:colcon.colcon_core.package_identification:_identify(lab1_pkg2) by extension 'ros'
[0.692s] DEBUG:colcon.colcon_core.package_identification:Package 'lab1_pkg2' with type 'ros.ament_python' and name 'lab1_pkg2'
[0.695s] Level 1:colcon.colcon_core.package_identification:_identify(lab1_pkg3) by extensions ['ignore', 'ignore_ament_install']
[0.695s] Level 1:colcon.colcon_core.package_identification:_identify(lab1_pkg3) by extension 'ignore'
[0.696s] Level 1:colcon.colcon_core.package_identification:_identify(lab1_pkg3) by extension 'ignore_ament_install'
[0.698s] Level 1:colcon.colcon_core.package_identification:_identify(lab1_pkg3) by extensions ['colcon_pkg']
[0.698s] Level 1:colcon.colcon_core.package_identification:_identify(lab1_pkg3) by extension 'colcon_pkg'
[0.699s] Level 1:colcon.colcon_core.package_identification:_identify(lab1_pkg3) by extensions ['colcon_meta']
[0.699s] Level 1:colcon.colcon_core.package_identification:_identify(lab1_pkg3) by extension 'colcon_meta'
[0.700s] Level 1:colcon.colcon_core.package_identification:_identify(lab1_pkg3) by extensions ['ros']
[0.700s] Level 1:colcon.colcon_core.package_identification:_identify(lab1_pkg3) by extension 'ros'
[0.709s] DEBUG:colcon.colcon_core.package_identification:Package 'lab1_pkg3' with type 'ros.ament_python' and name 'lab1_pkg3'
[0.713s] Level 1:colcon.colcon_core.package_identification:_identify(log) by extensions ['ignore', 'ignore_ament_install']
[0.713s] Level 1:colcon.colcon_core.package_identification:_identify(log) by extension 'ignore'
[0.714s] Level 1:colcon.colcon_core.package_identification:_identify(log) ignored
[0.714s] Level 1:colcon.colcon_core.package_discovery:discover_packages(recursive) using defaults
[0.715s] Level 1:colcon.colcon_core.package_discovery:discover_packages(ignore) discover
[0.715s] Level 1:colcon.colcon_core.package_discovery:discover_packages(ignore) using defaults
[0.715s] Level 1:colcon.colcon_core.package_discovery:discover_packages(path) discover
[0.715s] Level 1:colcon.colcon_core.package_discovery:discover_packages(path) using defaults
[0.771s] INFO:colcon.colcon_core.package_selection:Skipping not selected package 'lab1_pkg2' in 'lab1_pkg2'
[0.772s] Level 5:colcon.colcon_core.verb:set package 'lab1_pkg3' build argument 'cmake_args' from command line to 'None'
[0.772s] Level 5:colcon.colcon_core.verb:set package 'lab1_pkg3' build argument 'cmake_target' from command line to 'None'
[0.772s] Level 5:colcon.colcon_core.verb:set package 'lab1_pkg3' build argument 'cmake_target_skip_unavailable' from command line to 'False'
[0.773s] Level 5:colcon.colcon_core.verb:set package 'lab1_pkg3' build argument 'cmake_clean_cache' from command line to 'False'
[0.773s] Level 5:colcon.colcon_core.verb:set package 'lab1_pkg3' build argument 'cmake_clean_first' from command line to 'False'
[0.773s] Level 5:colcon.colcon_core.verb:set package 'lab1_pkg3' build argument 'cmake_force_configure' from command line to 'False'
[0.773s] Level 5:colcon.colcon_core.verb:set package 'lab1_pkg3' build argument 'ament_cmake_args' from command line to 'None'
[0.774s] Level 5:colcon.colcon_core.verb:set package 'lab1_pkg3' build argument 'catkin_cmake_args' from command line to 'None'
[0.774s] Level 5:colcon.colcon_core.verb:set package 'lab1_pkg3' build argument 'catkin_skip_building_tests' from command line to 'False'
[0.774s] DEBUG:colcon.colcon_core.verb:Building package 'lab1_pkg3' with the following arguments: {'ament_cmake_args': None, 'build_base': '/lab1_ws/src/build/lab1_pkg3', 'catkin_cmake_args': None, 'catkin_skip_building_tests': False, 'cmake_args': None, 'cmake_clean_cache': False, 'cmake_clean_first': False, 'cmake_force_configure': False, 'cmake_target': None, 'cmake_target_skip_unavailable': False, 'install_base': '/lab1_ws/src/install/lab1_pkg3', 'merge_install': False, 'path': '/lab1_ws/src/lab1_pkg3', 'symlink_install': False, 'test_result_base': None}
[0.775s] INFO:colcon.colcon_core.executor:Executing jobs using 'parallel' executor
[0.779s] DEBUG:colcon.colcon_parallel_executor.executor.parallel:run_until_complete
[0.779s] INFO:colcon.colcon_ros.task.ament_python.build:Building ROS package in '/lab1_ws/src/lab1_pkg3' with build type 'ament_python'
[0.779s] Level 1:colcon.colcon_core.shell:create_environment_hook('lab1_pkg3', 'ament_prefix_path')
[0.791s] INFO:colcon.colcon_core.plugin_system:Skipping extension 'colcon_core.shell.bat': Not used on non-Windows systems
[0.791s] INFO:colcon.colcon_core.shell:Creating environment hook '/lab1_ws/src/install/lab1_pkg3/share/lab1_pkg3/hook/ament_prefix_path.ps1'
[0.810s] INFO:colcon.colcon_core.shell:Creating environment descriptor '/lab1_ws/src/install/lab1_pkg3/share/lab1_pkg3/hook/ament_prefix_path.dsv'
[0.825s] INFO:colcon.colcon_core.shell:Creating environment hook '/lab1_ws/src/install/lab1_pkg3/share/lab1_pkg3/hook/ament_prefix_path.sh'
[0.842s] INFO:colcon.colcon_core.shell:Skip shell extension 'powershell' for command environment: Not usable outside of PowerShell
[0.842s] DEBUG:colcon.colcon_core.shell:Skip shell extension 'dsv' for command environment
[1.437s] INFO:colcon.colcon_core.task.python.build:Building Python package in '/lab1_ws/src/lab1_pkg3'
[1.439s] INFO:colcon.colcon_core.shell:Skip shell extension 'powershell' for command environment: Not usable outside of PowerShell
[1.439s] DEBUG:colcon.colcon_core.shell:Skip shell extension 'dsv' for command environment
[2.741s] DEBUG:colcon.colcon_core.event_handler.log_command:Invoking command in '/lab1_ws/src/lab1_pkg3': PYTHONPATH=/lab1_ws/src/build/lab1_pkg3/prefix_override:/lab1_ws/src/install/lab1_pkg3/lib/python3.8/site-packages:${PYTHONPATH} /usr/bin/python3 setup.py egg_info --egg-base ../build/lab1_pkg3 build --build-base /lab1_ws/src/build/lab1_pkg3/build install --record /lab1_ws/src/build/lab1_pkg3/install.log --install-scripts $base/lib/lab1_pkg3 --single-version-externally-managed
[4.770s] DEBUG:colcon.colcon_core.event_handler.log_command:Invoked command in '/lab1_ws/src/lab1_pkg3' returned '0': PYTHONPATH=/lab1_ws/src/build/lab1_pkg3/prefix_override:/lab1_ws/src/install/lab1_pkg3/lib/python3.8/site-packages:${PYTHONPATH} /usr/bin/python3 setup.py egg_info --egg-base ../build/lab1_pkg3 build --build-base /lab1_ws/src/build/lab1_pkg3/build install --record /lab1_ws/src/build/lab1_pkg3/install.log --install-scripts $base/lib/lab1_pkg3 --single-version-externally-managed
[4.783s] Level 1:colcon.colcon_core.environment:checking '/lab1_ws/src/install/lab1_pkg3' for CMake module files
[4.860s] Level 1:colcon.colcon_core.environment:checking '/lab1_ws/src/install/lab1_pkg3' for CMake config files
[4.974s] Level 1:colcon.colcon_core.environment:checking '/lab1_ws/src/install/lab1_pkg3/lib'
[4.978s] Level 1:colcon.colcon_core.environment:checking '/lab1_ws/src/install/lab1_pkg3/bin'
[4.980s] Level 1:colcon.colcon_core.environment:checking '/lab1_ws/src/install/lab1_pkg3/lib/pkgconfig/lab1_pkg3.pc'
[4.982s] Level 1:colcon.colcon_core.environment:checking '/lab1_ws/src/install/lab1_pkg3/lib/python3.8/site-packages'
[4.985s] Level 1:colcon.colcon_core.shell:create_environment_hook('lab1_pkg3', 'pythonpath')
[4.988s] INFO:colcon.colcon_core.shell:Creating environment hook '/lab1_ws/src/install/lab1_pkg3/share/lab1_pkg3/hook/pythonpath.ps1'
[5.008s] INFO:colcon.colcon_core.shell:Creating environment descriptor '/lab1_ws/src/install/lab1_pkg3/share/lab1_pkg3/hook/pythonpath.dsv'
[5.023s] INFO:colcon.colcon_core.shell:Creating environment hook '/lab1_ws/src/install/lab1_pkg3/share/lab1_pkg3/hook/pythonpath.sh'
[5.040s] Level 1:colcon.colcon_core.environment:checking '/lab1_ws/src/install/lab1_pkg3/bin'
[5.041s] Level 1:colcon.colcon_core.environment:create_environment_scripts_only(lab1_pkg3)
[5.043s] INFO:colcon.colcon_core.shell:Creating package script '/lab1_ws/src/install/lab1_pkg3/share/lab1_pkg3/package.ps1'
[5.058s] INFO:colcon.colcon_core.shell:Creating package descriptor '/lab1_ws/src/install/lab1_pkg3/share/lab1_pkg3/package.dsv'
[5.072s] INFO:colcon.colcon_core.shell:Creating package script '/lab1_ws/src/install/lab1_pkg3/share/lab1_pkg3/package.sh'
[5.087s] INFO:colcon.colcon_core.shell:Creating package script '/lab1_ws/src/install/lab1_pkg3/share/lab1_pkg3/package.bash'
[5.101s] INFO:colcon.colcon_core.shell:Creating package script '/lab1_ws/src/install/lab1_pkg3/share/lab1_pkg3/package.zsh'
[5.115s] Level 1:colcon.colcon_core.environment:create_file_with_runtime_dependencies(/lab1_ws/src/install/lab1_pkg3/share/colcon-core/packages/lab1_pkg3)
[5.129s] DEBUG:colcon.colcon_parallel_executor.executor.parallel:closing loop
[5.130s] DEBUG:colcon.colcon_parallel_executor.executor.parallel:loop closed
[5.130s] DEBUG:colcon.colcon_parallel_executor.executor.parallel:run_until_complete finished with '0'
[5.131s] DEBUG:colcon.colcon_core.event_reactor:joining thread
[5.168s] INFO:colcon.colcon_core.plugin_system:Skipping extension 'colcon_notification.desktop_notification.notify_send': Could not find 'notify-send'
[5.169s] INFO:colcon.colcon_core.plugin_system:Skipping extension 'colcon_notification.desktop_notification.terminal_notifier': Not used on non-Darwin systems
[5.169s] INFO:colcon.colcon_core.plugin_system:Skipping extension 'colcon_notification.desktop_notification.win32': Not used on non-Windows systems
[5.170s] INFO:colcon.colcon_notification.desktop_notification:Sending desktop notification using 'notify2'
[5.170s] DEBUG:colcon.colcon_notification.desktop_notification.notify2:Failed to initialize notify2: org.freedesktop.DBus.Error.NotSupported: Unable to autolaunch a dbus-daemon without a $DISPLAY for X11
[5.171s] DEBUG:colcon.colcon_core.event_reactor:joined thread
[5.174s] INFO:colcon.colcon_core.shell:Creating prefix script '/lab1_ws/src/install/local_setup.ps1'
[5.184s] INFO:colcon.colcon_core.shell:Creating prefix util module '/lab1_ws/src/install/_local_setup_util_ps1.py'
[5.196s] INFO:colcon.colcon_core.shell:Creating prefix chain script '/lab1_ws/src/install/setup.ps1'
[5.220s] INFO:colcon.colcon_core.shell:Creating prefix script '/lab1_ws/src/install/local_setup.sh'
[5.230s] INFO:colcon.colcon_core.shell:Creating prefix util module '/lab1_ws/src/install/_local_setup_util_sh.py'
[5.240s] INFO:colcon.colcon_core.shell:Creating prefix chain script '/lab1_ws/src/install/setup.sh'
[5.263s] INFO:colcon.colcon_core.shell:Creating prefix script '/lab1_ws/src/install/local_setup.bash'
[5.274s] INFO:colcon.colcon_core.shell:Creating prefix chain script '/lab1_ws/src/install/setup.bash'
[5.297s] INFO:colcon.colcon_core.shell:Creating prefix script '/lab1_ws/src/install/local_setup.zsh'
[5.307s] INFO:colcon.colcon_core.shell:Creating prefix chain script '/lab1_ws/src/install/setup.zsh'
